2026-03-09T00:19:44.668+05:30  WARN 5256 --- [Onboarding_Automation] [HikariPool-1:housekeeper] com.zaxxer.hikari.pool.HikariPool        : HikariPool-1 - Thread starvation or clock leap detected (housekeeper delta=4h16m48s218ms15µs).
2026-03-09T00:19:46.524+05:30 DEBUG 5256 --- [Onboarding_Automation] [HikariPool-1:housekeeper] com.zaxxer.hikari.pool.HikariPool        : HikariPool-1 - Pool stats (total=10/10, idle=10/10, active=0, waiting=0)
2026-03-09T00:19:46.524+05:30 DEBUG 5256 --- [Onboarding_Automation] [HikariPool-1:housekeeper] com.zaxxer.hikari.pool.HikariPool        : HikariPool-1 - Fill pool skipped, pool has sufficient level or currently being filled.
2026-03-09T00:19:46.524+05:30 DEBUG 5256 --- [Onboarding_Automation] [HikariPool-1:housekeeper] com.zaxxer.hikari.pool.HikariPool        : HikariPool-1 - keepalive: connection conn134: url=jdbc:h2:mem:onboarding_db user=SA is alive
2026-03-09T00:19:46.678+05:30 DEBUG 5256 --- [Onboarding_Automation] [HikariPool-1:housekeeper] com.zaxxer.hikari.pool.HikariPool        : HikariPool-1 - keepalive: connection conn137: url=jdbc:h2:mem:onboarding_db user=SA is alive
2026-03-09T00:19:46.679+05:30 DEBUG 5256 --- [Onboarding_Automation] [HikariPool-1:housekeeper] com.zaxxer.hikari.pool.HikariPool        : HikariPool-1 - keepalive: connection conn131: url=jdbc:h2:mem:onboarding_db user=SA is alive
2026-03-09T00:19:46.680+05:30 DEBUG 5256 --- [Onboarding_Automation] [HikariPool-1:housekeeper] com.zaxxer.hikari.pool.HikariPool        : HikariPool-1 - keepalive: connection conn139: url=jdbc:h2:mem:onboarding_db user=SA is alive
2026-03-09T00:19:46.680+05:30 DEBUG 5256 --- [Onboarding_Automation] [HikariPool-1:housekeeper] com.zaxxer.hikari.pool.HikariPool        : HikariPool-1 - keepalive: connection conn133: url=jdbc:h2:mem:onboarding_db user=SA is alive
2026-03-09T00:19:46.729+05:30 DEBUG 5256 --- [Onboarding_Automation] [HikariPool-1:housekeeper] com.zaxxer.hikari.pool.HikariPool        : HikariPool-1 - keepalive: connection conn135: url=jdbc:h2:mem:onboarding_db user=SA is alive
2026-03-09T00:19:46.766+05:30 DEBUG 5256 --- [Onboarding_Automation] [HikariPool-1:housekeeper] com.zaxxer.hikari.pool.HikariPool        : HikariPool-1 - keepalive: connection conn138: url=jdbc:h2:mem:onboarding_db user=SA is alive
2026-03-09T00:19:46.770+05:30 DEBUG 5256 --- [Onboarding_Automation] [HikariPool-1:housekeeper] com.zaxxer.hikari.pool.HikariPool        : HikariPool-1 - keepalive: connection conn136: url=jdbc:h2:mem:onboarding_db user=SA is alive
2026-03-09T00:19:46.770+05:30 DEBUG 5256 --- [Onboarding_Automation] [HikariPool-1:housekeeper] com.zaxxer.hikari.pool.HikariPool        : HikariPool-1 - keepalive: connection conn132: url=jdbc:h2:mem:onboarding_db user=SA is alive
2026-03-09T00:19:46.772+05:30 DEBUG 5256 --- [Onboarding_Automation] [HikariPool-1:housekeeper] com.zaxxer.hikari.pool.HikariPool        : HikariPool-1 - keepalive: connection conn140: url=jdbc:h2:mem:onboarding_db user=SA is alive
2026-03-09T00:19:46.844+05:30 DEBUG 5256 --- [Onboarding_Automation] [HikariPool-1:connection-closer] com.zaxxer.hikari.pool.PoolBase          : HikariPool-1 - Closing connection conn137: url=jdbc:h2:mem:onboarding_db user=SA: (connection has passed maxLifetime)
2026-03-09T00:19:46.844+05:30 DEBUG 5256 --- [Onboarding_Automation] [HikariPool-1:connection-closer] com.zaxxer.hikari.pool.PoolBase          : HikariPool-1 - Closing connection conn134: url=jdbc:h2:mem:onboarding_db user=SA: (connection has passed maxLifetime)
2026-03-09T00:19:46.844+05:30 DEBUG 5256 --- [Onboarding_Automation] [HikariPool-1:connection-closer] com.zaxxer.hikari.pool.PoolBase          : HikariPool-1 - Closing connection conn138: url=jdbc:h2:mem:onboarding_db user=SA: (connection has passed maxLifetime)
2026-03-09T00:19:46.844+05:30 DEBUG 5256 --- [Onboarding_Automation] [HikariPool-1:connection-closer] com.zaxxer.hikari.pool.PoolBase          : HikariPool-1 - Closing connection conn140: url=jdbc:h2:mem:onboarding_db user=SA: (connection has passed maxLifetime)
2026-03-09T00:19:46.844+05:30 DEBUG 5256 --- [Onboarding_Automation] [HikariPool-1:connection-closer] com.zaxxer.hikari.pool.PoolBase          : HikariPool-1 - Closing connection conn139: url=jdbc:h2:mem:onboarding_db user=SA: (connection has passed maxLifetime)
2026-03-09T00:19:46.844+05:30 DEBUG 5256 --- [Onboarding_Automation] [HikariPool-1:connection-closer] com.zaxxer.hikari.pool.PoolBase          : HikariPool-1 - Closing connection conn133: url=jdbc:h2:mem:onboarding_db user=SA: (connection has passed maxLifetime)
2026-03-09T00:19:46.844+05:30 DEBUG 5256 --- [Onboarding_Automation] [HikariPool-1:connection-closer] com.zaxxer.hikari.pool.PoolBase          : HikariPool-1 - Closing connection conn132: url=jdbc:h2:mem:onboarding_db user=SA: (connection has passed maxLifetime)
2026-03-09T00:19:46.844+05:30 DEBUG 5256 --- [Onboarding_Automation] [HikariPool-1:connection-closer] com.zaxxer.hikari.pool.PoolBase          : HikariPool-1 - Closing connection conn135: url=jdbc:h2:mem:onboarding_db user=SA: (connection has passed maxLifetime)
2026-03-09T00:19:46.859+05:30 DEBUG 5256 --- [Onboarding_Automation] [HikariPool-1:connection-closer] com.zaxxer.hikari.pool.PoolBase          : HikariPool-1 - Closing connection conn131: url=jdbc:h2:mem:onboarding_db user=SA: (connection has passed maxLifetime)
2026-03-09T00:19:46.872+05:30 DEBUG 5256 --- [Onboarding_Automation] [HikariPool-1:connection-adder] com.zaxxer.hikari.pool.PoolBase          : HikariPool-1 - Attempting to create/setup new connection (36e36c41-db4d-4fff-8541-9242874238eb)
2026-03-09T00:19:46.872+05:30 DEBUG 5256 --- [Onboarding_Automation] [HikariPool-1:connection-closer] com.zaxxer.hikari.pool.PoolBase          : HikariPool-1 - Closing connection conn136: url=jdbc:h2:mem:onboarding_db user=SA: (connection has passed maxLifetime)
2026-03-09T00:19:46.900+05:30 DEBUG 5256 --- [Onboarding_Automation] [HikariPool-1:connection-adder] com.zaxxer.hikari.pool.PoolBase          : HikariPool-1 - Established new connection (36e36c41-db4d-4fff-8541-9242874238eb)
2026-03-09T00:19:46.909+05:30 DEBUG 5256 --- [Onboarding_Automation] [HikariPool-1:connection-adder] com.zaxxer.hikari.pool.HikariPool        : HikariPool-1 - Added connection conn141: url=jdbc:h2:mem:onboarding_db user=SA
2026-03-09T00:19:46.959+05:30 DEBUG 5256 --- [Onboarding_Automation] [HikariPool-1:connection-adder] com.zaxxer.hikari.pool.PoolBase          : HikariPool-1 - Attempting to create/setup new connection (ec139b45-8a3a-4bfa-ab9a-772ebcac276a)
2026-03-09T00:19:47.023+05:30 DEBUG 5256 --- [Onboarding_Automation] [HikariPool-1:connection-adder] com.zaxxer.hikari.pool.PoolBase          : HikariPool-1 - Established new connection (ec139b45-8a3a-4bfa-ab9a-772ebcac276a)
2026-03-09T00:19:47.060+05:30 DEBUG 5256 --- [Onboarding_Automation] [HikariPool-1:connection-adder] com.zaxxer.hikari.pool.HikariPool        : HikariPool-1 - Added connection conn142: url=jdbc:h2:mem:onboarding_db user=SA
2026-03-09T00:19:47.222+05:30 DEBUG 5256 --- [Onboarding_Automation] [HikariPool-1:connection-adder] com.zaxxer.hikari.pool.PoolBase          : HikariPool-1 - Attempting to create/setup new connection (6c9376ca-14d1-4c80-91cd-4de61f15583a)
2026-03-09T00:19:47.280+05:30 DEBUG 5256 --- [Onboarding_Automation] [HikariPool-1:connection-adder] com.zaxxer.hikari.pool.PoolBase          : HikariPool-1 - Established new connection (6c9376ca-14d1-4c80-91cd-4de61f15583a)
2026-03-09T00:19:47.316+05:30 DEBUG 5256 --- [Onboarding_Automation] [HikariPool-1:connection-adder] com.zaxxer.hikari.pool.HikariPool        : HikariPool-1 - Added connection conn143: url=jdbc:h2:mem:onboarding_db user=SA
2026-03-09T00:19:47.447+05:30 DEBUG 5256 --- [Onboarding_Automation] [HikariPool-1:connection-adder] com.zaxxer.hikari.pool.PoolBase          : HikariPool-1 - Attempting to create/setup new connection (c72c24d0-fd8d-48fd-87d5-ad3f05068ff9)
2026-03-09T00:19:47.472+05:30 DEBUG 5256 --- [Onboarding_Automation] [HikariPool-1:connection-adder] com.zaxxer.hikari.pool.PoolBase          : HikariPool-1 - Established new connection (c72c24d0-fd8d-48fd-87d5-ad3f05068ff9)
2026-03-09T00:19:47.505+05:30 DEBUG 5256 --- [Onboarding_Automation] [HikariPool-1:connection-adder] com.zaxxer.hikari.pool.HikariPool        : HikariPool-1 - Added connection conn144: url=jdbc:h2:mem:onboarding_db user=SA
2026-03-09T00:19:47.577+05:30 DEBUG 5256 --- [Onboarding_Automation] [HikariPool-1:connection-adder] com.zaxxer.hikari.pool.PoolBase          : HikariPool-1 - Attempting to create/setup new connection (6e40f49c-b953-46ad-b993-1965e931225f)
2026-03-09T00:19:47.609+05:30 DEBUG 5256 --- [Onboarding_Automation] [HikariPool-1:connection-adder] com.zaxxer.hikari.pool.PoolBase          : HikariPool-1 - Established new connection (6e40f49c-b953-46ad-b993-1965e931225f)
2026-03-09T00:19:47.641+05:30 DEBUG 5256 --- [Onboarding_Automation] [HikariPool-1:connection-adder] com.zaxxer.hikari.pool.HikariPool        : HikariPool-1 - Added connection conn145: url=jdbc:h2:mem:onboarding_db user=SA
2026-03-09T00:19:47.699+05:30 DEBUG 5256 --- [Onboarding_Automation] [HikariPool-1:connection-adder] com.zaxxer.hikari.pool.PoolBase          : HikariPool-1 - Attempting to create/setup new connection (7953b2b6-c551-47f0-9be5-2aa160b84ed5)
2026-03-09T00:19:47.717+05:30 DEBUG 5256 --- [Onboarding_Automation] [HikariPool-1:connection-adder] com.zaxxer.hikari.pool.PoolBase          : HikariPool-1 - Established new connection (7953b2b6-c551-47f0-9be5-2aa160b84ed5)
2026-03-09T00:19:47.732+05:30 DEBUG 5256 --- [Onboarding_Automation] [HikariPool-1:connection-adder] com.zaxxer.hikari.pool.HikariPool        : HikariPool-1 - Added connection conn146: url=jdbc:h2:mem:onboarding_db user=SA
2026-03-09T00:19:47.785+05:30 DEBUG 5256 --- [Onboarding_Automation] [HikariPool-1:connection-adder] com.zaxxer.hikari.pool.PoolBase          : HikariPool-1 - Attempting to create/setup new connection (b051fb40-7d99-4f01-8b1a-b83da5deefdb)
2026-03-09T00:19:47.799+05:30 DEBUG 5256 --- [Onboarding_Automation] [HikariPool-1:connection-adder] com.zaxxer.hikari.pool.PoolBase          : HikariPool-1 - Established new connection (b051fb40-7d99-4f01-8b1a-b83da5deefdb)
2026-03-09T00:19:47.822+05:30 DEBUG 5256 --- [Onboarding_Automation] [HikariPool-1:connection-adder] com.zaxxer.hikari.pool.HikariPool        : HikariPool-1 - Added connection conn147: url=jdbc:h2:mem:onboarding_db user=SA
2026-03-09T00:19:47.913+05:30 DEBUG 5256 --- [Onboarding_Automation] [HikariPool-1:connection-adder] com.zaxxer.hikari.pool.PoolBase          : HikariPool-1 - Attempting to create/setup new connection (bee7ba28-5978-4d71-bb30-e4078fcae2c5)
2026-03-09T00:19:47.944+05:30 DEBUG 5256 --- [Onboarding_Automation] [HikariPool-1:connection-adder] com.zaxxer.hikari.pool.PoolBase          : HikariPool-1 - Established new connection (bee7ba28-5978-4d71-bb30-e4078fcae2c5)
2026-03-09T00:19:47.944+05:30 DEBUG 5256 --- [Onboarding_Automation] [HikariPool-1:connection-adder] com.zaxxer.hikari.pool.HikariPool        : HikariPool-1 - Added connection conn148: url=jdbc:h2:mem:onboarding_db user=SA
2026-03-09T00:19:47.996+05:30 DEBUG 5256 --- [Onboarding_Automation] [HikariPool-1:connection-adder] com.zaxxer.hikari.pool.PoolBase          : HikariPool-1 - Attempting to create/setup new connection (9763d748-46a7-45d1-a6ff-8d85bf119a31)
2026-03-09T00:19:48.022+05:30 DEBUG 5256 --- [Onboarding_Automation] [HikariPool-1:connection-adder] com.zaxxer.hikari.pool.PoolBase          : HikariPool-1 - Established new connection (9763d748-46a7-45d1-a6ff-8d85bf119a31)
2026-03-09T00:19:48.066+05:30 DEBUG 5256 --- [Onboarding_Automation] [HikariPool-1:connection-adder] com.zaxxer.hikari.pool.HikariPool        : HikariPool-1 - Added connection conn149: url=jdbc:h2:mem:onboarding_db user=SA
2026-03-09T00:19:48.148+05:30 DEBUG 5256 --- [Onboarding_Automation] [HikariPool-1:connection-adder] com.zaxxer.hikari.pool.PoolBase          : HikariPool-1 - Attempting to create/setup new connection (f0c9ed0f-1c66-4221-afe0-b4d718f31a7c)
2026-03-09T00:19:48.191+05:30 DEBUG 5256 --- [Onboarding_Automation] [HikariPool-1:connection-adder] com.zaxxer.hikari.pool.PoolBase          : HikariPool-1 - Established new connection (f0c9ed0f-1c66-4221-afe0-b4d718f31a7c)
2026-03-09T00:19:48.230+05:30 DEBUG 5256 --- [Onboarding_Automation] [HikariPool-1:connection-adder] com.zaxxer.hikari.pool.HikariPool        : HikariPool-1 - Added connection conn150: url=jdbc:h2:mem:onboarding_db user=SA
2026-03-09T00:19:48.329+05:30 DEBUG 5256 --- [Onboarding_Automation] [HikariPool-1:connection-adder] com.zaxxer.hikari.pool.HikariPool        : HikariPool-1 - Connection not added, stats (total=10/10, idle=10/10, active=0, waiting=0)
2026-03-09T00:20:16.534+05:30 DEBUG 5256 --- [Onboarding_Automation] [HikariPool-1:housekeeper] com.zaxxer.hikari.pool.HikariPool        : HikariPool-1 - Pool stats (total=10/10, idle=10/10, active=0, waiting=0)
2026-03-09T00:20:16.537+05:30 DEBUG 5256 --- [Onboarding_Automation] [HikariPool-1:housekeeper] com.zaxxer.hikari.pool.HikariPool        : HikariPool-1 - Fill pool skipped, pool has sufficient level or currently being filled.
2026-03-09T00:20:46.657+05:30 DEBUG 5256 --- [Onboarding_Automation] [HikariPool-1:housekeeper] com.zaxxer.hikari.pool.HikariPool        : HikariPool-1 - Pool stats (total=10/10, idle=10/10, active=0, waiting=0)
2026-03-09T00:20:46.728+05:30 DEBUG 5256 --- [Onboarding_Automation] [HikariPool-1:housekeeper] com.zaxxer.hikari.pool.HikariPool        : HikariPool-1 - Fill pool skipped, pool has sufficient level or currently being filled.
2026-03-09T00:21:16.739+05:30 DEBUG 5256 --- [Onboarding_Automation] [HikariPool-1:housekeeper] com.zaxxer.hikari.pool.HikariPool        : HikariPool-1 - Pool stats (total=10/10, idle=10/10, active=0, waiting=0)
2026-03-09T00:21:16.741+05:30 DEBUG 5256 --- [Onboarding_Automation] [HikariPool-1:housekeeper] com.zaxxer.hikari.pool.HikariPool        : HikariPool-1 - Fill pool skipped, pool has sufficient level or currently being filled.
2026-03-09T00:21:26.572+05:30 DEBUG 5256 --- [Onboarding_Automation] [HikariPool-1:housekeeper] com.zaxxer.hikari.pool.HikariPool        : HikariPool-1 - keepalive: connection conn150: url=jdbc:h2:mem:onboarding_db user=SA is alive
2026-03-09T00:21:27.142+05:30 DEBUG 5256 --- [Onboarding_Automation] [HikariPool-1:housekeeper] com.zaxxer.hikari.pool.HikariPool        : HikariPool-1 - keepalive: connection conn149: url=jdbc:h2:mem:onboarding_db user=SA is alive
2026-03-09T00:21:29.520+05:30 DEBUG 5256 --- [Onboarding_Automation] [HikariPool-1:housekeeper] com.zaxxer.hikari.pool.HikariPool        : HikariPool-1 - keepalive: connection conn146: url=jdbc:h2:mem:onboarding_db user=SA is alive
2026-03-09T00:21:29.610+05:30 DEBUG 5256 --- [Onboarding_Automation] [HikariPool-1:housekeeper] com.zaxxer.hikari.pool.HikariPool        : HikariPool-1 - keepalive: connection conn145: url=jdbc:h2:mem:onboarding_db user=SA is alive
2026-03-09T00:21:29.896+05:30 DEBUG 5256 --- [Onboarding_Automation] [HikariPool-1:housekeeper] com.zaxxer.hikari.pool.HikariPool        : HikariPool-1 - keepalive: connection conn147: url=jdbc:h2:mem:onboarding_db user=SA is alive
2026-03-09T00:21:30.567+05:30 DEBUG 5256 --- [Onboarding_Automation] [HikariPool-1:housekeeper] com.zaxxer.hikari.pool.HikariPool        : HikariPool-1 - keepalive: connection conn144: url=jdbc:h2:mem:onboarding_db user=SA is alive
2026-03-09T00:21:34.140+05:30 DEBUG 5256 --- [Onboarding_Automation] [HikariPool-1:housekeeper] com.zaxxer.hikari.pool.HikariPool        : HikariPool-1 - keepalive: connection conn142: url=jdbc:h2:mem:onboarding_db user=SA is alive
