#
# There is insufficient memory for the Java Runtime Environment to continue.
# Native memory allocation (mmap) failed to map 65536 bytes for Failed to commit metaspace.
# Possible reasons:
#   The system is out of physical RAM or swap space
#   The process is running with CompressedOops enabled, and the Java Heap may be blocking the growth of the native heap
# Possible solutions:
#   Reduce memory load on the system
#   Increase physical memory or swap space
#   Check if swap backing store is full
#   Decrease Java heap size (-Xmx/-Xms)
#   Decrease number of Java threads
#   Decrease Java thread stack sizes (-Xss)
#   Set larger code cache with -XX:ReservedCodeCacheSize=
#   JVM is running with Unscaled Compressed Oops mode in which the Java heap is
#     placed in the first 4GB address space. The Java Heap base address is the
#     maximum limit for the native heap growth. Please use -XX:HeapBaseMinAddress
#     to set the Java Heap base and to place the Java Heap above 4GB virtual address.
# This output file may be truncated or incomplete.
#
#  Out of Memory Error (virtualSpaceNode.cpp:110), pid=6308, tid=17304
#
# JRE version: OpenJDK Runtime Environment Temurin-17.0.4.1+1 (17.0.4.1+1) (build 17.0.4.1+1)
# Java VM: OpenJDK 64-Bit Server VM Temurin-17.0.4.1+1 (17.0.4.1+1, mixed mode, tiered, compressed oops, compressed class ptrs, parallel gc, windows-amd64)
# No core dump will be written. Minidumps are not enabled by default on client versions of Windows
#

---------------  S U M M A R Y ------------

Command Line: --add-modules=ALL-SYSTEM --add-opens=java.base/java.util=ALL-UNNAMED --add-opens=java.base/java.lang=ALL-UNNAMED --add-opens=java.base/sun.nio.fs=ALL-UNNAMED -Declipse.application=org.eclipse.jdt.ls.core.id1 -Dosgi.bundles.defaultStartLevel=4 -Declipse.product=org.eclipse.jdt.ls.core.product -Djava.import.generatesMetadataFilesAtProjectRoot=false -Dfile.encoding=utf8 -XX:+UseParallelGC -XX:GCTimeRatio=4 -XX:AdaptiveSizePolicyWeight=90 -Dsun.zip.disableMemoryMapping=true -Xmx1G -Xms100m -Xlog:disable -javaagent:c:\Users\rahul\.antigravity\extensions\redhat.java-1.12.0-win32-x64\lombok\lombok-1.18.24.jar c:\Users\rahul\.antigravity\extensions\redhat.java-1.12.0-win32-x64\server\plugins\org.eclipse.equinox.launcher_1.6.400.v20210924-0641.jar -configuration c:\Users\rahul\AppData\Roaming\Antigravity\User\globalStorage\redhat.java\1.12.0\config_ss_win -data c:\Users\rahul\AppData\Roaming\Antigravity\User\workspaceStorage\4d694a979a408cab99c13f72015e6a83\redhat.java\ss_ws

Host: Intel(R) Core(TM) i5-6300U CPU @ 2.40GHz, 4 cores, 7G,  Windows 11 , 64 bit Build 22621 (10.0.22621.5415)
Time: Wed Feb 18 23:13:17 2026 India Standard Time elapsed time: 5.476718 seconds (0d 0h 0m 5s)

---------------  T H R E A D  ---------------

Current thread (0x00000204ffef3670):  JavaThread "Start Level: Equinox Container: 6ed1b42f-ac2c-45b9-8620-14a3b34f8467" daemon [_thread_in_vm, id=17304, stack(0x0000008d31300000,0x0000008d31400000)]

Stack: [0x0000008d31300000,0x0000008d31400000]
Native frames: (J=compiled Java code, j=interpreted, Vv=VM code, C=native code)
V  [jvm.dll+0x67731a]
V  [jvm.dll+0x832284]
V  [jvm.dll+0x833a2e]
V  [jvm.dll+0x834093]
V  [jvm.dll+0x245775]
V  [jvm.dll+0x82e22b]
V  [jvm.dll+0x61bdf6]
V  [jvm.dll+0x61be5a]
V  [jvm.dll+0x61e67a]
V  [jvm.dll+0x61c796]
V  [jvm.dll+0x239e0f]
V  [jvm.dll+0x6265a5]
V  [jvm.dll+0x1ea5db]
V  [jvm.dll+0x1eab15]
V  [jvm.dll+0x1eb54f]
V  [jvm.dll+0x1e09f1]
V  [jvm.dll+0x53c910]
V  [jvm.dll+0x1f11e7]
V  [jvm.dll+0x7ac56b]
V  [jvm.dll+0x7ad912]
V  [jvm.dll+0x7adc48]
V  [jvm.dll+0x23db7e]
V  [jvm.dll+0x3810ae]
C  0x000002048000f12d

Java frames: (J=compiled Java code, j=interpreted, Vv=VM code)
j  com.sun.org.apache.xerces.internal.dom.CoreDocumentImpl.<clinit>()V+120 java.xml@17.0.4.1
v  ~StubRoutines::call_stub
j  com.sun.org.apache.xerces.internal.parsers.AbstractDOMParser.startDocument(Lcom/sun/org/apache/xerces/internal/xni/XMLLocator;Ljava/lang/String;Lcom/sun/org/apache/xerces/internal/xni/NamespaceContext;Lcom/sun/org/apache/xerces/internal/xni/Augmentations;)V+316 java.xml@17.0.4.1
j  com.sun.org.apache.xerces.internal.impl.dtd.XMLDTDValidator.startDocument(Lcom/sun/org/apache/xerces/internal/xni/XMLLocator;Ljava/lang/String;Lcom/sun/org/apache/xerces/internal/xni/NamespaceContext;Lcom/sun/org/apache/xerces/internal/xni/Augmentations;)V+92 java.xml@17.0.4.1
j  com.sun.org.apache.xerces.internal.impl.XMLDocumentScannerImpl.startEntity(Ljava/lang/String;Lcom/sun/org/apache/xerces/internal/xni/XMLResourceIdentifier;Ljava/lang/String;Lcom/sun/org/apache/xerces/internal/xni/Augmentations;)V+98 java.xml@17.0.4.1
j  com.sun.org.apache.xerces.internal.impl.XMLVersionDetector.startDocumentParsing(Lcom/sun/org/apache/xerces/internal/impl/XMLEntityHandler;S)V+62 java.xml@17.0.4.1
j  com.sun.org.apache.xerces.internal.parsers.XML11Configuration.parse(Z)Z+92 java.xml@17.0.4.1
j  com.sun.org.apache.xerces.internal.parsers.XML11Configuration.parse(Lcom/sun/org/apache/xerces/internal/xni/parser/XMLInputSource;)V+30 java.xml@17.0.4.1
j  com.sun.org.apache.xerces.internal.parsers.XMLParser.parse(Lcom/sun/org/apache/xerces/internal/xni/parser/XMLInputSource;)V+76 java.xml@17.0.4.1
j  com.sun.org.apache.xerces.internal.parsers.DOMParser.parse(Lorg/xml/sax/InputSource;)V+44 java.xml@17.0.4.1
j  com.sun.org.apache.xerces.internal.jaxp.DocumentBuilderImpl.parse(Lorg/xml/sax/InputSource;)Lorg/w3c/dom/Document;+59 java.xml@17.0.4.1
j  org.eclipse.jdt.internal.core.JavaProject.decodeClasspath(Ljava/lang/String;Ljava/util/Map;)[[Lorg/eclipse/jdt/core/IClasspathEntry;+40
j  org.eclipse.jdt.internal.core.JavaProject.readFileEntriesWithException(Ljava/util/Map;)[[Lorg/eclipse/jdt/core/IClasspathEntry;+220
j  org.eclipse.jdt.internal.core.JavaModelManager$PerProjectInfo.readAndCacheClasspath(Lorg/eclipse/jdt/internal/core/JavaProject;)[[Lorg/eclipse/jdt/core/IClasspathEntry;+2
j  org.eclipse.jdt.internal.core.JavaProject.resolveClasspath(Lorg/eclipse/jdt/internal/core/JavaModelManager$PerProjectInfo;ZZ)V+72
j  org.eclipse.jdt.internal.core.DeltaProcessingState.getRootInfos(Z)Lorg/eclipse/jdt/internal/core/DeltaProcessingState$RootInfos;+67
j  org.eclipse.jdt.internal.core.DeltaProcessingState.initializeRootsWithPreviousSession()V+2
j  org.eclipse.jdt.internal.core.JavaModelManager.startup()V+141
j  org.eclipse.jdt.core.JavaCore.start(Lorg/osgi/framework/BundleContext;)V+12
j  org.eclipse.osgi.internal.framework.BundleContextImpl$2.run()Ljava/lang/Void;+23
j  org.eclipse.osgi.internal.framework.BundleContextImpl$2.run()Ljava/lang/Object;+1
J 1206 c1 java.security.AccessController.executePrivileged(Ljava/security/PrivilegedExceptionAction;Ljava/security/AccessControlContext;Ljava/lang/Class;)Ljava/lang/Object; java.base@17.0.4.1 (65 bytes) @ 0x00000204807b52b4 [0x00000204807b5160+0x0000000000000154]
j  java.security.AccessController.doPrivileged(Ljava/security/PrivilegedExceptionAction;)Ljava/lang/Object;+9 java.base@17.0.4.1
j  org.eclipse.osgi.internal.framework.BundleContextImpl.startActivator(Lorg/osgi/framework/BundleActivator;)V+9
j  org.eclipse.osgi.internal.framework.BundleContextImpl.start()V+134
j  org.eclipse.osgi.internal.framework.EquinoxBundle.startWorker0()V+35
j  org.eclipse.osgi.internal.framework.EquinoxBundle$EquinoxModule.startWorker()V+4
j  org.eclipse.osgi.container.Module.doStart([Lorg/eclipse/osgi/container/Module$StartOptions;)Lorg/eclipse/osgi/container/ModuleContainerAdaptor$ModuleEvent;+190
j  org.eclipse.osgi.container.Module.start([Lorg/eclipse/osgi/container/Module$StartOptions;)V+460
j  org.eclipse.osgi.framework.util.SecureAction.start(Lorg/eclipse/osgi/container/Module;[Lorg/eclipse/osgi/container/Module$StartOptions;)V+8
J 1677 c1 org.eclipse.osgi.internal.hooks.EclipseLazyStarter.postFindLocalClass(Ljava/lang/String;Ljava/lang/Class;Lorg/eclipse/osgi/internal/loader/classpath/ClasspathManager;)V (394 bytes) @ 0x00000204808a6f5c [0x00000204808a5fe0+0x0000000000000f7c]
J 1769 c1 org.eclipse.osgi.internal.loader.classpath.ClasspathManager.findLocalClass(Ljava/lang/String;)Ljava/lang/Class; (210 bytes) @ 0x00000204808d52d4 [0x00000204808d4320+0x0000000000000fb4]
J 1675 c1 org.eclipse.osgi.internal.loader.BundleLoader.findLocalClass(Ljava/lang/String;)Ljava/lang/Class; (152 bytes) @ 0x00000204808a3fec [0x00000204808a37a0+0x000000000000084c]
j  org.eclipse.osgi.internal.loader.sources.SingleSourcePackage.loadClass(Ljava/lang/String;)Ljava/lang/Class;+5
J 1602 c1 org.eclipse.osgi.internal.loader.BundleLoader.findClass0(Ljava/lang/String;ZZ)Ljava/lang/Class; (466 bytes) @ 0x000002048086f19c [0x000002048086cba0+0x00000000000025fc]
J 1601 c1 org.eclipse.osgi.internal.loader.BundleLoader.findClass(Ljava/lang/String;)Ljava/lang/Class; (8 bytes) @ 0x000002048086c29c [0x000002048086c220+0x000000000000007c]
J 1604 c1 org.eclipse.osgi.internal.loader.ModuleClassLoader.loadClass(Ljava/lang/String;Z)Ljava/lang/Class; (36 bytes) @ 0x000002048087303c [0x0000020480872e20+0x000000000000021c]
J 795 c1 java.lang.ClassLoader.loadClass(Ljava/lang/String;)Ljava/lang/Class; java.base@17.0.4.1 (7 bytes) @ 0x00000204806e2d3c [0x00000204806e2c40+0x00000000000000fc]
v  ~StubRoutines::call_stub
j  java.lang.Class.getDeclaredConstructors0(Z)[Ljava/lang/reflect/Constructor;+0 java.base@17.0.4.1
j  java.lang.Class.privateGetDeclaredConstructors(Z)[Ljava/lang/reflect/Constructor;+52 java.base@17.0.4.1
j  java.lang.Class.getConstructor0([Ljava/lang/Class;I)Ljava/lang/reflect/Constructor;+14 java.base@17.0.4.1
j  java.lang.Class.getConstructor([Ljava/lang/Class;)Ljava/lang/reflect/Constructor;+24 java.base@17.0.4.1
j  org.eclipse.osgi.internal.framework.BundleContextImpl.loadBundleActivator()Lorg/osgi/framework/BundleActivator;+105
j  org.eclipse.osgi.internal.framework.BundleContextImpl.start()V+18
j  org.eclipse.osgi.internal.framework.EquinoxBundle.startWorker0()V+35
j  org.eclipse.osgi.internal.framework.EquinoxBundle$EquinoxModule.startWorker()V+4
j  org.eclipse.osgi.container.Module.doStart([Lorg/eclipse/osgi/container/Module$StartOptions;)Lorg/eclipse/osgi/container/ModuleContainerAdaptor$ModuleEvent;+190
j  org.eclipse.osgi.container.Module.start([Lorg/eclipse/osgi/container/Module$StartOptions;)V+460
j  org.eclipse.osgi.container.ModuleContainer$ContainerStartLevel$2.run()V+71
j  org.eclipse.osgi.internal.framework.EquinoxContainerAdaptor$1$1.execute(Ljava/lang/Runnable;)V+1
j  org.eclipse.osgi.container.ModuleContainer$ContainerStartLevel.incStartLevel(ILjava/util/List;Z)V+192
j  org.eclipse.osgi.container.ModuleContainer$ContainerStartLevel.incStartLevel(ILjava/util/List;Ljava/util/List;Ljava/util/List;Ljava/util/List;)V+19
j  org.eclipse.osgi.container.ModuleContainer$ContainerStartLevel.doContainerStartLevel(Lorg/eclipse/osgi/container/Module;I[Lorg/osgi/framework/FrameworkListener;)V+349
j  org.eclipse.osgi.container.ModuleContainer$ContainerStartLevel.dispatchEvent(Lorg/eclipse/osgi/container/Module;[Lorg/osgi/framework/FrameworkListener;ILjava/lang/Integer;)V+32
j  org.eclipse.osgi.container.ModuleContainer$ContainerStartLevel.dispatchEvent(Ljava/lang/Object;Ljava/lang/Object;ILjava/lang/Object;)V+15
j  org.eclipse.osgi.framework.eventmgr.EventManager.dispatchEvent(Ljava/util/Set;Lorg/eclipse/osgi/framework/eventmgr/EventDispatcher;ILjava/lang/Object;)V+48
j  org.eclipse.osgi.framework.eventmgr.EventManager$EventThread.run()V+26
v  ~StubRoutines::call_stub

---------------  P R O C E S S  ---------------

Threads class SMR info:
_java_thread_list=0x000002048fb4b2e0, length=20, elements={
0x00000204f8a87760, 0x00000204fd8a4940, 0x00000204fd8b5fa0, 0x00000204fd8c1190,
0x00000204fd8c1bb0, 0x00000204fd8c2830, 0x00000204fd8c4460, 0x00000204fd8c5100,
0x00000204ff34a840, 0x00000204ff34f510, 0x00000204f8aeb640, 0x00000204ff6fe230,
0x00000204ffde8ef0, 0x00000204ffedc660, 0x00000204ffef3670, 0x00000204ffec6600,
0x00000204ffef2030, 0x00000204ffda16d0, 0x000002048fab53e0, 0x000002048fab40a0
}

Java Threads: ( => current thread )
  0x00000204f8a87760 JavaThread "main" [_thread_blocked, id=2140, stack(0x0000008d2fe00000,0x0000008d2ff00000)]
  0x00000204fd8a4940 JavaThread "Reference Handler" daemon [_thread_blocked, id=3940, stack(0x0000008d30100000,0x0000008d30200000)]
  0x00000204fd8b5fa0 JavaThread "Finalizer" daemon [_thread_blocked, id=18248, stack(0x0000008d30200000,0x0000008d30300000)]
  0x00000204fd8c1190 JavaThread "Signal Dispatcher" daemon [_thread_blocked, id=1928, stack(0x0000008d30300000,0x0000008d30400000)]
  0x00000204fd8c1bb0 JavaThread "Attach Listener" daemon [_thread_blocked, id=18468, stack(0x0000008d30400000,0x0000008d30500000)]
  0x00000204fd8c2830 JavaThread "Service Thread" daemon [_thread_blocked, id=17732, stack(0x0000008d30500000,0x0000008d30600000)]
  0x00000204fd8c4460 JavaThread "Monitor Deflation Thread" daemon [_thread_blocked, id=19376, stack(0x0000008d30600000,0x0000008d30700000)]
  0x00000204fd8c5100 JavaThread "C2 CompilerThread0" daemon [_thread_in_native, id=1540, stack(0x0000008d30700000,0x0000008d30800000)]
  0x00000204ff34a840 JavaThread "C1 CompilerThread0" daemon [_thread_blocked, id=16100, stack(0x0000008d30800000,0x0000008d30900000)]
  0x00000204ff34f510 JavaThread "Sweeper thread" daemon [_thread_blocked, id=2528, stack(0x0000008d30900000,0x0000008d30a00000)]
  0x00000204f8aeb640 JavaThread "Common-Cleaner" daemon [_thread_blocked, id=17092, stack(0x0000008d30a00000,0x0000008d30b00000)]
  0x00000204ff6fe230 JavaThread "Notification Thread" daemon [_thread_blocked, id=18584, stack(0x0000008d30b00000,0x0000008d30c00000)]
  0x00000204ffde8ef0 JavaThread "Active Thread: Equinox Container: 6ed1b42f-ac2c-45b9-8620-14a3b34f8467" [_thread_blocked, id=7080, stack(0x0000008d31100000,0x0000008d31200000)]
  0x00000204ffedc660 JavaThread "Framework Event Dispatcher: Equinox Container: 6ed1b42f-ac2c-45b9-8620-14a3b34f8467" daemon [_thread_blocked, id=17580, stack(0x0000008d31200000,0x0000008d31300000)]
=>0x00000204ffef3670 JavaThread "Start Level: Equinox Container: 6ed1b42f-ac2c-45b9-8620-14a3b34f8467" daemon [_thread_in_vm, id=17304, stack(0x0000008d31300000,0x0000008d31400000)]
  0x00000204ffec6600 JavaThread "SCR Component Actor" daemon [_thread_blocked, id=20980, stack(0x0000008d31400000,0x0000008d31500000)]
  0x00000204ffef2030 JavaThread "SCR Component Registry" daemon [_thread_blocked, id=21068, stack(0x0000008d31500000,0x0000008d31600000)]
  0x00000204ffda16d0 JavaThread "Worker-JM" [_thread_blocked, id=10848, stack(0x0000008d31600000,0x0000008d31700000)]
  0x000002048fab53e0 JavaThread "Worker-0" [_thread_blocked, id=2156, stack(0x0000008d30d00000,0x0000008d30e00000)]
  0x000002048fab40a0 JavaThread "Worker-1" [_thread_blocked, id=8816, stack(0x0000008d31700000,0x0000008d31800000)]

Other Threads:
  0x00000204f8b48210 VMThread "VM Thread" [stack: 0x0000008d30000000,0x0000008d30100000] [id=17608]
  0x00000204ff5a04b0 WatcherThread [stack: 0x0000008d30c00000,0x0000008d30d00000] [id=17076]
  0x00000204f8a9d720 GCTaskThread "GC Thread#0" [stack: 0x0000008d2ff00000,0x0000008d30000000] [id=19332]
  0x00000204ffaa18d0 GCTaskThread "GC Thread#1" [stack: 0x0000008d30e00000,0x0000008d30f00000] [id=9684]
  0x00000204ffa7aa60 GCTaskThread "GC Thread#2" [stack: 0x0000008d30f00000,0x0000008d31000000] [id=15332]
  0x00000204ffb0d200 GCTaskThread "GC Thread#3" [stack: 0x0000008d31000000,0x0000008d31100000] [id=248]

Threads with active compile tasks:
C2 CompilerThread0     5535 2248       4       org.objectweb.asm.ClassReader::readMethod (1066 bytes)

VM state: not at safepoint (normal execution)

VM Mutex/Monitor currently owned by a thread:  ([mutex/lock_event])
[0x00000204f8a80920] Metaspace_lock - owner thread: 0x00000204ffef3670

Heap address: 0x00000000c0000000, size: 1024 MB, Compressed Oops mode: 32-bit

CDS archive(s) not mapped
Compressed class space mapped at: 0x0000000100000000-0x0000000140000000, reserved size: 1073741824
Narrow klass base: 0x0000000000000000, Narrow klass shift: 3, Narrow klass range: 0x140000000

GC Precious Log:
 CPUs: 4 total, 4 available
 Memory: 8072M
 Large Page Support: Disabled
 NUMA Support: Disabled
 Compressed Oops: Enabled (32-bit)
 Alignments: Space 512K, Generation 512K, Heap 2M
 Heap Min Capacity: 100M
 Heap Initial Capacity: 100M
 Heap Max Capacity: 1G
 Pre-touch: Disabled
 Parallel Workers: 4

Heap:
 PSYoungGen      total 25600K, used 20422K [0x00000000eab00000, 0x00000000ec880000, 0x0000000100000000)
  eden space 25088K, 80% used [0x00000000eab00000,0x00000000ebea4e10,0x00000000ec380000)
  from space 512K, 60% used [0x00000000ec400000,0x00000000ec44cdb8,0x00000000ec480000)
  to   space 2048K, 0% used [0x00000000ec680000,0x00000000ec680000,0x00000000ec880000)
 ParOldGen       total 68608K, used 7073K [0x00000000c0000000, 0x00000000c4300000, 0x00000000eab00000)
  object space 68608K, 10% used [0x00000000c0000000,0x00000000c06e8478,0x00000000c4300000)
 Metaspace       used 26593K, committed 26944K, reserved 1081344K
  class space    used 2549K, committed 2688K, reserved 1048576K

Card table byte_map: [0x00000204f8460000,0x00000204f8670000] _byte_map_base: 0x00000204f7e60000

Marking Bits: (ParMarkBitMap*) 0x00007ffcb9862cc0
 Begin Bits: [0x00000204fb710000, 0x00000204fc710000)
 End Bits:   [0x00000204fc710000, 0x00000204fd710000)

Polling page: 0x00000204f8250000

Metaspace:

Usage:
  Non-class:     23.48 MB used.
      Class:      2.49 MB used.
       Both:     25.97 MB used.

Virtual space:
  Non-class space:       32.00 MB reserved,      23.69 MB ( 74%) committed,  4 nodes.
      Class space:        1.00 GB reserved,       2.62 MB ( <1%) committed,  1 nodes.
             Both:        1.03 GB reserved,      26.31 MB (  2%) committed. 

Chunk freelists:
   Non-Class:  3.92 MB
       Class:  1.38 MB
        Both:  5.30 MB

MaxMetaspaceSize: unlimited
CompressedClassSpaceSize: 1.00 GB
Initial GC threshold: 21.00 MB
Current GC threshold: 35.00 MB
CDS: off
MetaspaceReclaimPolicy: balanced
 - commit_granule_bytes: 65536.
 - commit_granule_words: 8192.
 - virtual_space_node_default_size: 1048576.
 - enlarge_chunks_in_place: 1.
 - new_chunks_are_fully_committed: 0.
 - uncommit_free_chunks: 1.
 - use_allocation_guard: 0.
 - handle_deallocations: 1.


Internal statistics:

num_allocs_failed_limit: 3.
num_arena_births: 168.
num_arena_deaths: 14.
num_vsnodes_births: 5.
num_vsnodes_deaths: 0.
num_space_committed: 421.
num_space_uncommitted: 0.
num_chunks_returned_to_freelist: 17.
num_chunks_taken_from_freelist: 821.
num_chunk_merges: 7.
num_chunk_splits: 583.
num_chunks_enlarged: 443.
num_purges: 2.
num_inconsistent_stats: 0.

CodeHeap 'non-profiled nmethods': size=120000Kb used=883Kb max_used=883Kb free=119116Kb
 bounds [0x0000020487ad0000, 0x0000020487d40000, 0x000002048f000000]
CodeHeap 'profiled nmethods': size=120000Kb used=4670Kb max_used=4670Kb free=115329Kb
 bounds [0x00000204805a0000, 0x0000020480a30000, 0x0000020487ad0000]
CodeHeap 'non-nmethods': size=5760Kb used=1223Kb max_used=1234Kb free=4536Kb
 bounds [0x0000020480000000, 0x0000020480270000, 0x00000204805a0000]
 total_blobs=2836 nmethods=2300 adapters=450
 compilation: enabled
              stopped_count=0, restarted_count=0
 full_count=0

Compilation events (20 events):
Event: 5.434 Thread 0x00000204ff34a840 2299       3       jdk.internal.reflect.FieldAccessorImpl::<init> (5 bytes)
Event: 5.434 Thread 0x00000204ff34a840 nmethod 2299 0x0000020480a29510 code [0x0000020480a296c0, 0x0000020480a29878]
Event: 5.434 Thread 0x00000204ff34a840 2297       3       jdk.internal.reflect.UnsafeFieldAccessorImpl::<init> (56 bytes)
Event: 5.435 Thread 0x00000204ff34a840 nmethod 2297 0x0000020480a29990 code [0x0000020480a29bc0, 0x0000020480a2a358]
Event: 5.435 Thread 0x00000204ff34a840 2298       3       java.lang.reflect.Field::acquireFieldAccessor (59 bytes)
Event: 5.435 Thread 0x00000204ff34a840 nmethod 2298 0x0000020480a2a610 code [0x0000020480a2a800, 0x0000020480a2ad18]
Event: 5.435 Thread 0x00000204ff34a840 2302  s!   3       org.eclipse.osgi.util.NLS$MessagesProperties::put (168 bytes)
Event: 5.439 Thread 0x00000204ff34a840 nmethod 2302 0x0000020480a2ae90 code [0x0000020480a2b2e0, 0x0000020480a2d0c8]
Event: 5.439 Thread 0x00000204ff34a840 2300       3       java.lang.reflect.Field::set (30 bytes)
Event: 5.439 Thread 0x00000204ff34a840 nmethod 2300 0x0000020480a2db90 code [0x0000020480a2dd60, 0x0000020480a2e138]
Event: 5.439 Thread 0x00000204ff34a840 2303       3       jdk.internal.reflect.UnsafeStaticObjectFieldAccessorImpl::set (54 bytes)
Event: 5.440 Thread 0x00000204ff34a840 nmethod 2303 0x0000020480a2e290 code [0x0000020480a2e4c0, 0x0000020480a2ed68]
Event: 5.448 Thread 0x00000204ff34a840 2305       1       org.eclipse.core.internal.dtree.AbstractDataTreeNode::isDelta (2 bytes)
Event: 5.448 Thread 0x00000204ff34a840 nmethod 2305 0x0000020487baca10 code [0x0000020487bacba0, 0x0000020487bacc78]
Event: 5.452 Thread 0x00000204ff34a840 2306       3       jdk.internal.loader.BuiltinClassLoader::hasClassPath (13 bytes)
Event: 5.452 Thread 0x00000204ff34a840 nmethod 2306 0x0000020480a2f010 code [0x0000020480a2f1a0, 0x0000020480a2f318]
Event: 5.458 Thread 0x00000204ff34a840 2307       3       com.sun.org.apache.xerces.internal.util.FeatureState::isExceptional (8 bytes)
Event: 5.458 Thread 0x00000204ff34a840 nmethod 2307 0x0000020480a2f390 code [0x0000020480a2f520, 0x0000020480a2f658]
Event: 5.458 Thread 0x00000204ff34a840 2308       3       com.sun.org.apache.xerces.internal.xni.XMLString::<init> (5 bytes)
Event: 5.459 Thread 0x00000204ff34a840 nmethod 2308 0x0000020480a2f710 code [0x0000020480a2f8a0, 0x0000020480a2f9f8]

GC Heap History (12 events):
Event: 1.687 GC heap before
{Heap before GC invocations=1 (full 0):
 PSYoungGen      total 29696K, used 25600K [0x00000000eab00000, 0x00000000ecc00000, 0x0000000100000000)
  eden space 25600K, 100% used [0x00000000eab00000,0x00000000ec400000,0x00000000ec400000)
  from space 4096K, 0% used [0x00000000ec800000,0x00000000ec800000,0x00000000ecc00000)
  to   space 4096K, 0% used [0x00000000ec400000,0x00000000ec400000,0x00000000ec800000)
 ParOldGen       total 68608K, used 0K [0x00000000c0000000, 0x00000000c4300000, 0x00000000eab00000)
  object space 68608K, 0% used [0x00000000c0000000,0x00000000c0000000,0x00000000c4300000)
 Metaspace       used 10826K, committed 11008K, reserved 1064960K
  class space    used 1089K, committed 1152K, reserved 1048576K
}
Event: 1.695 GC heap after
{Heap after GC invocations=1 (full 0):
 PSYoungGen      total 29696K, used 3208K [0x00000000eab00000, 0x00000000ecc00000, 0x0000000100000000)
  eden space 25600K, 0% used [0x00000000eab00000,0x00000000eab00000,0x00000000ec400000)
  from space 4096K, 78% used [0x00000000ec400000,0x00000000ec722228,0x00000000ec800000)
  to   space 4096K, 0% used [0x00000000ec800000,0x00000000ec800000,0x00000000ecc00000)
 ParOldGen       total 68608K, used 16K [0x00000000c0000000, 0x00000000c4300000, 0x00000000eab00000)
  object space 68608K, 0% used [0x00000000c0000000,0x00000000c0004000,0x00000000c4300000)
 Metaspace       used 10826K, committed 11008K, reserved 1064960K
  class space    used 1089K, committed 1152K, reserved 1048576K
}
Event: 2.574 GC heap before
{Heap before GC invocations=2 (full 0):
 PSYoungGen      total 29696K, used 28798K [0x00000000eab00000, 0x00000000ecc00000, 0x0000000100000000)
  eden space 25600K, 99% used [0x00000000eab00000,0x00000000ec3fd800,0x00000000ec400000)
  from space 4096K, 78% used [0x00000000ec400000,0x00000000ec722228,0x00000000ec800000)
  to   space 4096K, 0% used [0x00000000ec800000,0x00000000ec800000,0x00000000ecc00000)
 ParOldGen       total 68608K, used 16K [0x00000000c0000000, 0x00000000c4300000, 0x00000000eab00000)
  object space 68608K, 0% used [0x00000000c0000000,0x00000000c0004000,0x00000000c4300000)
 Metaspace       used 15154K, committed 15360K, reserved 1064960K
  class space    used 1550K, committed 1664K, reserved 1048576K
}
Event: 2.581 GC heap after
{Heap after GC invocations=2 (full 0):
 PSYoungGen      total 29696K, used 4087K [0x00000000eab00000, 0x00000000ecc00000, 0x0000000100000000)
  eden space 25600K, 0% used [0x00000000eab00000,0x00000000eab00000,0x00000000ec400000)
  from space 4096K, 99% used [0x00000000ec800000,0x00000000ecbfdee8,0x00000000ecc00000)
  to   space 4096K, 0% used [0x00000000ec400000,0x00000000ec400000,0x00000000ec800000)
 ParOldGen       total 68608K, used 688K [0x00000000c0000000, 0x00000000c4300000, 0x00000000eab00000)
  object space 68608K, 1% used [0x00000000c0000000,0x00000000c00ac370,0x00000000c4300000)
 Metaspace       used 15154K, committed 15360K, reserved 1064960K
  class space    used 1550K, committed 1664K, reserved 1048576K
}
Event: 3.549 GC heap before
{Heap before GC invocations=3 (full 0):
 PSYoungGen      total 29696K, used 29687K [0x00000000eab00000, 0x00000000ecc00000, 0x0000000100000000)
  eden space 25600K, 100% used [0x00000000eab00000,0x00000000ec400000,0x00000000ec400000)
  from space 4096K, 99% used [0x00000000ec800000,0x00000000ecbfdee8,0x00000000ecc00000)
  to   space 4096K, 0% used [0x00000000ec400000,0x00000000ec400000,0x00000000ec800000)
 ParOldGen       total 68608K, used 688K [0x00000000c0000000, 0x00000000c4300000, 0x00000000eab00000)
  object space 68608K, 1% used [0x00000000c0000000,0x00000000c00ac370,0x00000000c4300000)
 Metaspace       used 20177K, committed 20608K, reserved 1073152K
  class space    used 2059K, committed 2304K, reserved 1048576K
}
Event: 3.557 GC heap after
{Heap after GC invocations=3 (full 0):
 PSYoungGen      total 29696K, used 4072K [0x00000000eab00000, 0x00000000ecc00000, 0x0000000100000000)
  eden space 25600K, 0% used [0x00000000eab00000,0x00000000eab00000,0x00000000ec400000)
  from space 4096K, 99% used [0x00000000ec400000,0x00000000ec7fa080,0x00000000ec800000)
  to   space 4096K, 0% used [0x00000000ec800000,0x00000000ec800000,0x00000000ecc00000)
 ParOldGen       total 68608K, used 2956K [0x00000000c0000000, 0x00000000c4300000, 0x00000000eab00000)
  object space 68608K, 4% used [0x00000000c0000000,0x00000000c02e32a8,0x00000000c4300000)
 Metaspace       used 20177K, committed 20608K, reserved 1073152K
  class space    used 2059K, committed 2304K, reserved 1048576K
}
Event: 3.983 GC heap before
{Heap before GC invocations=4 (full 0):
 PSYoungGen      total 29696K, used 9152K [0x00000000eab00000, 0x00000000ecc00000, 0x0000000100000000)
  eden space 25600K, 19% used [0x00000000eab00000,0x00000000eaff6330,0x00000000ec400000)
  from space 4096K, 99% used [0x00000000ec400000,0x00000000ec7fa080,0x00000000ec800000)
  to   space 4096K, 0% used [0x00000000ec800000,0x00000000ec800000,0x00000000ecc00000)
 ParOldGen       total 68608K, used 2956K [0x00000000c0000000, 0x00000000c4300000, 0x00000000eab00000)
  object space 68608K, 4% used [0x00000000c0000000,0x00000000c02e32a8,0x00000000c4300000)
 Metaspace       used 21043K, committed 21504K, reserved 1073152K
  class space    used 2145K, committed 2368K, reserved 1048576K
}
Event: 3.991 GC heap after
{Heap after GC invocations=4 (full 0):
 PSYoungGen      total 29696K, used 4088K [0x00000000eab00000, 0x00000000ecc00000, 0x0000000100000000)
  eden space 25600K, 0% used [0x00000000eab00000,0x00000000eab00000,0x00000000ec400000)
  from space 4096K, 99% used [0x00000000ec800000,0x00000000ecbfe090,0x00000000ecc00000)
  to   space 4096K, 0% used [0x00000000ec400000,0x00000000ec400000,0x00000000ec800000)
 ParOldGen       total 68608K, used 3073K [0x00000000c0000000, 0x00000000c4300000, 0x00000000eab00000)
  object space 68608K, 4% used [0x00000000c0000000,0x00000000c03004a0,0x00000000c4300000)
 Metaspace       used 21043K, committed 21504K, reserved 1073152K
  class space    used 2145K, committed 2368K, reserved 1048576K
}
Event: 3.991 GC heap before
{Heap before GC invocations=5 (full 1):
 PSYoungGen      total 29696K, used 4088K [0x00000000eab00000, 0x00000000ecc00000, 0x0000000100000000)
  eden space 25600K, 0% used [0x00000000eab00000,0x00000000eab00000,0x00000000ec400000)
  from space 4096K, 99% used [0x00000000ec800000,0x00000000ecbfe090,0x00000000ecc00000)
  to   space 4096K, 0% used [0x00000000ec400000,0x00000000ec400000,0x00000000ec800000)
 ParOldGen       total 68608K, used 3073K [0x00000000c0000000, 0x00000000c4300000, 0x00000000eab00000)
  object space 68608K, 4% used [0x00000000c0000000,0x00000000c03004a0,0x00000000c4300000)
 Metaspace       used 21043K, committed 21504K, reserved 1073152K
  class space    used 2145K, committed 2368K, reserved 1048576K
}
Event: 4.042 GC heap after
{Heap after GC invocations=5 (full 1):
 PSYoungGen      total 29696K, used 0K [0x00000000eab00000, 0x00000000ecc00000, 0x0000000100000000)
  eden space 25600K, 0% used [0x00000000eab00000,0x00000000eab00000,0x00000000ec400000)
  from space 4096K, 0% used [0x00000000ec800000,0x00000000ec800000,0x00000000ecc00000)
  to   space 4096K, 0% used [0x00000000ec400000,0x00000000ec400000,0x00000000ec800000)
 ParOldGen       total 68608K, used 7065K [0x00000000c0000000, 0x00000000c4300000, 0x00000000eab00000)
  object space 68608K, 10% used [0x00000000c0000000,0x00000000c06e6478,0x00000000c4300000)
 Metaspace       used 21030K, committed 21504K, reserved 1073152K
  class space    used 2141K, committed 2368K, reserved 1048576K
}
Event: 5.061 GC heap before
{Heap before GC invocations=6 (full 1):
 PSYoungGen      total 29696K, used 25600K [0x00000000eab00000, 0x00000000ecc00000, 0x0000000100000000)
  eden space 25600K, 100% used [0x00000000eab00000,0x00000000ec400000,0x00000000ec400000)
  from space 4096K, 0% used [0x00000000ec800000,0x00000000ec800000,0x00000000ecc00000)
  to   space 4096K, 0% used [0x00000000ec400000,0x00000000ec400000,0x00000000ec800000)
 ParOldGen       total 68608K, used 7065K [0x00000000c0000000, 0x00000000c4300000, 0x00000000eab00000)
  object space 68608K, 10% used [0x00000000c0000000,0x00000000c06e6478,0x00000000c4300000)
 Metaspace       used 24566K, committed 24960K, reserved 1073152K
  class space    used 2401K, committed 2560K, reserved 1048576K
}
Event: 5.062 GC heap after
{Heap after GC invocations=6 (full 1):
 PSYoungGen      total 25600K, used 307K [0x00000000eab00000, 0x00000000ec880000, 0x0000000100000000)
  eden space 25088K, 0% used [0x00000000eab00000,0x00000000eab00000,0x00000000ec380000)
  from space 512K, 60% used [0x00000000ec400000,0x00000000ec44cdb8,0x00000000ec480000)
  to   space 2048K, 0% used [0x00000000ec680000,0x00000000ec680000,0x00000000ec880000)
 ParOldGen       total 68608K, used 7073K [0x00000000c0000000, 0x00000000c4300000, 0x00000000eab00000)
  object space 68608K, 10% used [0x00000000c0000000,0x00000000c06e8478,0x00000000c4300000)
 Metaspace       used 24566K, committed 24960K, reserved 1073152K
  class space    used 2401K, committed 2560K, reserved 1048576K
}

Deoptimization events (20 events):
Event: 3.460 Thread 0x00000204ffef3670 Uncommon trap: trap_request=0xffffffc6 fr.pc=0x0000020487b7e874 relative=0x0000000000001a54
Event: 3.460 Thread 0x00000204ffef3670 Uncommon trap: reason=bimorphic_or_optimized_type_check action=maybe_recompile pc=0x0000020487b7e874 method=java.io.DataInputStream.readUnsignedShort()I @ 4 c2
Event: 3.460 Thread 0x00000204ffef3670 DEOPT PACKING pc=0x0000020487b7e874 sp=0x0000008d313f4b50
Event: 3.461 Thread 0x00000204ffef3670 DEOPT UNPACKING pc=0x00000204800520a3 sp=0x0000008d313f4ac8 mode 2
Event: 3.461 Thread 0x00000204ffef3670 Uncommon trap: trap_request=0xffffffc6 fr.pc=0x0000020487b7e874 relative=0x0000000000001a54
Event: 3.461 Thread 0x00000204ffef3670 Uncommon trap: reason=bimorphic_or_optimized_type_check action=maybe_recompile pc=0x0000020487b7e874 method=java.io.DataInputStream.readUnsignedShort()I @ 4 c2
Event: 3.461 Thread 0x00000204ffef3670 DEOPT PACKING pc=0x0000020487b7e874 sp=0x0000008d313f4aa0
Event: 3.461 Thread 0x00000204ffef3670 DEOPT UNPACKING pc=0x00000204800520a3 sp=0x0000008d313f4a18 mode 2
Event: 3.557 Thread 0x00000204ffef3670 Uncommon trap: trap_request=0xffffff45 fr.pc=0x0000020487b536c0 relative=0x0000000000000040
Event: 3.557 Thread 0x00000204ffef3670 Uncommon trap: reason=unstable_if action=reinterpret pc=0x0000020487b536c0 method=sun.nio.fs.WindowsPathParser.isSlash(C)Z @ 9 c2
Event: 3.558 Thread 0x00000204ffef3670 DEOPT PACKING pc=0x0000020487b536c0 sp=0x0000008d313f4930
Event: 3.558 Thread 0x00000204ffef3670 DEOPT UNPACKING pc=0x00000204800520a3 sp=0x0000008d313f48b8 mode 2
Event: 5.254 Thread 0x00000204ffef3670 DEOPT PACKING pc=0x0000020480618c43 sp=0x0000008d313f28b0
Event: 5.254 Thread 0x00000204ffef3670 DEOPT UNPACKING pc=0x0000020480052843 sp=0x0000008d313f1dd0 mode 0
Event: 5.429 Thread 0x00000204ffef3670 DEOPT PACKING pc=0x00000204806eb19e sp=0x0000008d313f81f0
Event: 5.429 Thread 0x00000204ffef3670 DEOPT UNPACKING pc=0x0000020480052843 sp=0x0000008d313f76e8 mode 0
Event: 5.432 Thread 0x00000204ffef3670 DEOPT PACKING pc=0x00000204806eb19e sp=0x0000008d313f81f0
Event: 5.432 Thread 0x00000204ffef3670 DEOPT UNPACKING pc=0x0000020480052843 sp=0x0000008d313f76e8 mode 0
Event: 5.437 Thread 0x00000204ffef3670 DEOPT PACKING pc=0x00000204806eb19e sp=0x0000008d313f81f0
Event: 5.437 Thread 0x00000204ffef3670 DEOPT UNPACKING pc=0x0000020480052843 sp=0x0000008d313f76e8 mode 0

Classes unloaded (7 events):
Event: 4.001 Thread 0x00000204f8b48210 Unloading class 0x0000000100210c00 'java/lang/invoke/LambdaForm$MH+0x0000000100210c00'
Event: 4.001 Thread 0x00000204f8b48210 Unloading class 0x0000000100210800 'java/lang/invoke/LambdaForm$MH+0x0000000100210800'
Event: 4.001 Thread 0x00000204f8b48210 Unloading class 0x0000000100210400 'java/lang/invoke/LambdaForm$MH+0x0000000100210400'
Event: 4.001 Thread 0x00000204f8b48210 Unloading class 0x000000010020fc00 'java/lang/invoke/LambdaForm$MH+0x000000010020fc00'
Event: 4.001 Thread 0x00000204f8b48210 Unloading class 0x000000010020f800 'java/lang/invoke/LambdaForm$BMH+0x000000010020f800'
Event: 4.001 Thread 0x00000204f8b48210 Unloading class 0x000000010020f400 'java/lang/invoke/LambdaForm$DMH+0x000000010020f400'
Event: 4.001 Thread 0x00000204f8b48210 Unloading class 0x000000010020c800 'java/lang/invoke/LambdaForm$DMH+0x000000010020c800'

Classes redefined (0 events):
No events

Internal exceptions (20 events):
Event: 2.118 Thread 0x00000204f8a87760 Exception <a 'java/lang/NoSuchMethodError'{0x00000000eb6810b8}: 'java.lang.Object java.lang.invoke.DirectMethodHandle$Holder.newInvokeSpecial(java.lang.Object, int, java.lang.Object)'> (0x00000000eb6810b8) 
thrown [s\src\hotspot\share\interpreter\linkResolver.cpp, line 759]
Event: 2.346 Thread 0x00000204f8a87760 Exception <a 'java/lang/UnsatisfiedLinkError'{0x00000000ebbb3dd8}: 'void org.eclipse.equinox.launcher.JNIBridge._update_splash()'> (0x00000000ebbb3dd8) 
thrown [s\src\hotspot\share\prims\nativeLookup.cpp, line 543]
Event: 2.425 Thread 0x00000204ffef3670 Exception <a 'java/lang/NoSuchMethodError'{0x00000000ebe6a988}: 'java.lang.Object java.lang.invoke.DirectMethodHandle$Holder.invokeStaticInit(java.lang.Object)'> (0x00000000ebe6a988) 
thrown [s\src\hotspot\share\interpreter\linkResolver.cpp, line 759]
Event: 2.743 Thread 0x00000204ffef3670 Exception <a 'java/io/FileNotFoundException'{0x00000000eb12edd0}> (0x00000000eb12edd0) 
thrown [s\src\hotspot\share\prims\jni.cpp, line 516]
Event: 2.762 Thread 0x00000204ffef3670 Exception <a 'java/lang/NullPointerException'{0x00000000eb180448}> (0x00000000eb180448) 
thrown [s\src\hotspot\share\interpreter\linkResolver.cpp, line 1350]
Event: 2.762 Thread 0x00000204ffef3670 Exception <a 'java/lang/NullPointerException'{0x00000000eb180c70}> (0x00000000eb180c70) 
thrown [s\src\hotspot\share\interpreter\linkResolver.cpp, line 1350]
Event: 3.097 Thread 0x00000204ffef3670 Exception <a 'java/lang/NoSuchMethodError'{0x00000000eb9ac408}: 'void java.lang.invoke.DirectMethodHandle$Holder.invokeInterface(java.lang.Object, java.lang.Object, java.lang.Object)'> (0x00000000eb9ac408) 
thrown [s\src\hotspot\share\interpreter\linkResolver.cpp, line 759]
Event: 3.230 Thread 0x00000204ffef3670 Exception <a 'java/lang/NoSuchMethodError'{0x00000000ebc9d6f0}: 'java.lang.Object java.lang.invoke.Invokers$Holder.invokeExact_MT(java.lang.Object, java.lang.Object, java.lang.Object, java.lang.Object, java.lang.Object, java.lang.Object)'> (0x00000000ebc9d6f0) 
thrown [s\src\hotspot\share\interpreter\linkResolver.cpp, line 759]
Event: 3.259 Thread 0x00000204ffef3670 Exception <a 'java/lang/NoSuchMethodError'{0x00000000ebd7f7f0}: 'java.lang.Object java.lang.invoke.DirectMethodHandle$Holder.invokeStatic(java.lang.Object, java.lang.Object, int)'> (0x00000000ebd7f7f0) 
thrown [s\src\hotspot\share\interpreter\linkResolver.cpp, line 759]
Event: 3.260 Thread 0x00000204ffef3670 Exception <a 'java/lang/NoSuchMethodError'{0x00000000ebd84648}: 'void java.lang.invoke.DirectMethodHandle$Holder.invokeStatic(java.lang.Object, java.lang.Object, int, java.lang.Object)'> (0x00000000ebd84648) 
thrown [s\src\hotspot\share\interpreter\linkResolver.cpp, line 759]
Event: 3.262 Thread 0x00000204ffef3670 Exception <a 'java/lang/NoSuchMethodError'{0x00000000ebd8c020}: 'void java.lang.invoke.DelegatingMethodHandle$Holder.delegate(java.lang.Object, java.lang.Object, int, java.lang.Object)'> (0x00000000ebd8c020) 
thrown [s\src\hotspot\share\interpreter\linkResolver.cpp, line 759]
Event: 3.263 Thread 0x00000204ffef3670 Exception <a 'java/lang/NoSuchMethodError'{0x00000000ebd906b0}: 'int java.lang.invoke.DirectMethodHandle$Holder.invokeSpecial(java.lang.Object, java.lang.Object, java.lang.Object)'> (0x00000000ebd906b0) 
thrown [s\src\hotspot\share\interpreter\linkResolver.cpp, line 759]
Event: 3.266 Thread 0x00000204ffef3670 Exception <a 'java/lang/NoSuchMethodError'{0x00000000ebda0ca0}: 'int java.lang.invoke.DirectMethodHandle$Holder.invokeStatic(java.lang.Object, java.lang.Object, int)'> (0x00000000ebda0ca0) 
thrown [s\src\hotspot\share\interpreter\linkResolver.cpp, line 759]
Event: 3.267 Thread 0x00000204ffef3670 Exception <a 'java/lang/NoSuchMethodError'{0x00000000ebda51e0}: 'int java.lang.invoke.DirectMethodHandle$Holder.invokeSpecial(java.lang.Object, java.lang.Object, java.lang.Object, int)'> (0x00000000ebda51e0) 
thrown [s\src\hotspot\share\interpreter\linkResolver.cpp, line 759]
Event: 3.272 Thread 0x00000204ffef3670 Exception <a 'java/lang/NoSuchMethodError'{0x00000000ebdbfc60}: 'java.lang.Object java.lang.invoke.DirectMethodHandle$Holder.invokeStatic(java.lang.Object, java.lang.Object, java.lang.Object, java.lang.Object, int)'> (0x00000000ebdbfc60) 
thrown [s\src\hotspot\share\interpreter\linkResolver.cpp, line 759]
Event: 3.276 Thread 0x00000204ffef3670 Exception <a 'java/lang/NoSuchMethodError'{0x00000000ebdcc058}: 'java.lang.Object java.lang.invoke.DelegatingMethodHandle$Holder.reinvoke_L(java.lang.Object, java.lang.Object, java.lang.Object, java.lang.Object, int, int)'> (0x00000000ebdcc058) 
thrown [s\src\hotspot\share\interpreter\linkResolver.cpp, line 759]
Event: 3.285 Thread 0x00000204ffef3670 Exception <a 'java/lang/NoSuchMethodError'{0x00000000ebde4308}: 'java.lang.Object java.lang.invoke.Invokers$Holder.invokeExact_MT(java.lang.Object, java.lang.Object, java.lang.Object, java.lang.Object)'> (0x00000000ebde4308) 
thrown [s\src\hotspot\share\interpreter\linkResolver.cpp, line 759]
Event: 3.709 Thread 0x00000204ffef3670 Exception <a 'java/lang/NoSuchMethodError'{0x00000000eace0880}: 'int java.lang.invoke.DirectMethodHandle$Holder.invokeStaticInit(java.lang.Object, java.lang.Object, java.lang.Object)'> (0x00000000eace0880) 
thrown [s\src\hotspot\share\interpreter\linkResolver.cpp, line 759]
Event: 3.722 Thread 0x00000204ffef3670 Exception <a 'java/lang/IncompatibleClassChangeError'{0x00000000ead48128}: Found class java.lang.Object, but interface was expected> (0x00000000ead48128) 
thrown [s\src\hotspot\share\interpreter\linkResolver.cpp, line 826]
Event: 3.934 Thread 0x000002048fab53e0 Exception <a 'java/io/FileNotFoundException'{0x00000000eada2508}> (0x00000000eada2508) 
thrown [s\src\hotspot\share\prims\jni.cpp, line 516]

VM Operations (20 events):
Event: 2.573 Executing VM operation: ParallelGCFailedAllocation
Event: 2.581 Executing VM operation: ParallelGCFailedAllocation done
Event: 2.924 Executing VM operation: HandshakeAllThreads
Event: 2.924 Executing VM operation: HandshakeAllThreads done
Event: 3.037 Executing VM operation: HandshakeAllThreads
Event: 3.037 Executing VM operation: HandshakeAllThreads done
Event: 3.043 Executing VM operation: HandshakeAllThreads
Event: 3.043 Executing VM operation: HandshakeAllThreads done
Event: 3.258 Executing VM operation: HandshakeAllThreads
Event: 3.259 Executing VM operation: HandshakeAllThreads done
Event: 3.549 Executing VM operation: ParallelGCFailedAllocation
Event: 3.557 Executing VM operation: ParallelGCFailedAllocation done
Event: 3.906 Executing VM operation: HandshakeAllThreads
Event: 3.906 Executing VM operation: HandshakeAllThreads done
Event: 3.983 Executing VM operation: CollectForMetadataAllocation
Event: 4.042 Executing VM operation: CollectForMetadataAllocation done
Event: 5.049 Executing VM operation: Cleanup
Event: 5.049 Executing VM operation: Cleanup done
Event: 5.061 Executing VM operation: ParallelGCFailedAllocation
Event: 5.062 Executing VM operation: ParallelGCFailedAllocation done

Events (20 events):
Event: 5.465 loading class org/w3c/dom/NodeList done
Event: 5.465 loading class org/w3c/dom/events/EventTarget
Event: 5.465 loading class org/w3c/dom/events/EventTarget done
Event: 5.465 loading class com/sun/org/apache/xerces/internal/dom/NodeImpl done
Event: 5.465 loading class com/sun/org/apache/xerces/internal/dom/ChildNode done
Event: 5.465 loading class com/sun/org/apache/xerces/internal/dom/ParentNode done
Event: 5.465 loading class com/sun/org/apache/xerces/internal/dom/CoreDocumentImpl done
Event: 5.466 loading class com/sun/org/apache/xerces/internal/dom/DocumentImpl done
Event: 5.466 loading class com/sun/org/apache/xerces/internal/dom/DeferredDocumentImpl done
Event: 5.467 loading class com/sun/org/apache/xerces/internal/dom/DocumentTypeImpl
Event: 5.467 loading class org/w3c/dom/DocumentType
Event: 5.467 loading class org/w3c/dom/DocumentType done
Event: 5.467 loading class com/sun/org/apache/xerces/internal/dom/DocumentTypeImpl done
Event: 5.467 loading class com/sun/org/apache/xerces/internal/dom/ElementImpl
Event: 5.469 loading class org/w3c/dom/Element
Event: 5.470 loading class org/w3c/dom/Element done
Event: 5.470 loading class org/w3c/dom/ElementTraversal
Event: 5.470 loading class org/w3c/dom/ElementTraversal done
Event: 5.470 loading class org/w3c/dom/TypeInfo
Event: 5.470 loading class org/w3c/dom/TypeInfo done


Dynamic libraries:
0x00007ff79ac40000 - 0x00007ff79ac4e000 	c:\Users\rahul\.antigravity\extensions\redhat.java-1.12.0-win32-x64\jre\17.0.4.1-win32-x86_64\bin\java.exe
0x00007ffd83890000 - 0x00007ffd83aa8000 	C:\Windows\SYSTEM32\ntdll.dll
0x00007ffd81730000 - 0x00007ffd817f4000 	C:\Windows\System32\KERNEL32.DLL
0x00007ffd80ef0000 - 0x00007ffd812c3000 	C:\Windows\System32\KERNELBASE.dll
0x00007ffd80ac0000 - 0x00007ffd80bd1000 	C:\Windows\System32\ucrtbase.dll
0x00007ffd442d0000 - 0x00007ffd442e8000 	c:\Users\rahul\.antigravity\extensions\redhat.java-1.12.0-win32-x64\jre\17.0.4.1-win32-x86_64\bin\jli.dll
0x00007ffd832d0000 - 0x00007ffd83482000 	C:\Windows\System32\USER32.dll
0x00007ffd812d0000 - 0x00007ffd812f6000 	C:\Windows\System32\win32u.dll
0x00007ffd82410000 - 0x00007ffd82439000 	C:\Windows\System32\GDI32.dll
0x00007ffd809a0000 - 0x00007ffd80abb000 	C:\Windows\System32\gdi32full.dll
0x00007ffd80da0000 - 0x00007ffd80e3a000 	C:\Windows\System32\msvcp_win.dll
0x00007ffd38100000 - 0x00007ffd38119000 	c:\Users\rahul\.antigravity\extensions\redhat.java-1.12.0-win32-x64\jre\17.0.4.1-win32-x86_64\bin\VCRUNTIME140.dll
0x00007ffd696e0000 - 0x00007ffd6997c000 	C:\Windows\WinSxS\amd64_microsoft.windows.common-controls_6595b64144ccf1df_6.0.22621.6060_none_2712eda17382d24b\COMCTL32.dll
0x00007ffd82610000 - 0x00007ffd826b7000 	C:\Windows\System32\msvcrt.dll
0x00007ffd81870000 - 0x00007ffd818a1000 	C:\Windows\System32\IMM32.DLL
0x00007ffd68b60000 - 0x00007ffd68b6c000 	c:\Users\rahul\.antigravity\extensions\redhat.java-1.12.0-win32-x64\jre\17.0.4.1-win32-x86_64\bin\vcruntime140_1.dll
0x00007ffd22570000 - 0x00007ffd22601000 	c:\Users\rahul\.antigravity\extensions\redhat.java-1.12.0-win32-x64\jre\17.0.4.1-win32-x86_64\bin\msvcp140.dll
0x00007ffcb8ce0000 - 0x00007ffcb9926000 	c:\Users\rahul\.antigravity\extensions\redhat.java-1.12.0-win32-x64\jre\17.0.4.1-win32-x86_64\bin\server\jvm.dll
0x00007ffd819c0000 - 0x00007ffd81a71000 	C:\Windows\System32\ADVAPI32.dll
0x00007ffd82f50000 - 0x00007ffd82ff8000 	C:\Windows\System32\sechost.dll
0x00007ffd80ec0000 - 0x00007ffd80ee8000 	C:\Windows\System32\bcrypt.dll
0x00007ffd835c0000 - 0x00007ffd836d8000 	C:\Windows\System32\RPCRT4.dll
0x00007ffd83000000 - 0x00007ffd83008000 	C:\Windows\System32\PSAPI.DLL
0x00007ffd64cd0000 - 0x00007ffd64cd9000 	C:\Windows\SYSTEM32\WSOCK32.dll
0x00007ffd837d0000 - 0x00007ffd83841000 	C:\Windows\System32\WS2_32.dll
0x00007ffd76370000 - 0x00007ffd763a4000 	C:\Windows\SYSTEM32\WINMM.dll
0x00007ffd74290000 - 0x00007ffd7429a000 	C:\Windows\SYSTEM32\VERSION.dll
0x00007ffd7f980000 - 0x00007ffd7f998000 	C:\Windows\SYSTEM32\kernel.appcore.dll
0x00007ffd66cd0000 - 0x00007ffd66cda000 	c:\Users\rahul\.antigravity\extensions\redhat.java-1.12.0-win32-x64\jre\17.0.4.1-win32-x86_64\bin\jimage.dll
0x00007ffd7b360000 - 0x00007ffd7b593000 	C:\Windows\SYSTEM32\DBGHELP.DLL
0x00007ffd826c0000 - 0x00007ffd82a51000 	C:\Windows\System32\combase.dll
0x00007ffd81a80000 - 0x00007ffd81b58000 	C:\Windows\System32\OLEAUT32.dll
0x00007ffd62f30000 - 0x00007ffd62f62000 	C:\Windows\SYSTEM32\dbgcore.DLL
0x00007ffd80e40000 - 0x00007ffd80ebb000 	C:\Windows\System32\bcryptPrimitives.dll
0x00007ffd600a0000 - 0x00007ffd600ae000 	c:\Users\rahul\.antigravity\extensions\redhat.java-1.12.0-win32-x64\jre\17.0.4.1-win32-x86_64\bin\instrument.dll
0x00007ffd36f60000 - 0x00007ffd36f85000 	c:\Users\rahul\.antigravity\extensions\redhat.java-1.12.0-win32-x64\jre\17.0.4.1-win32-x86_64\bin\java.dll
0x00007ffd37170000 - 0x00007ffd37188000 	c:\Users\rahul\.antigravity\extensions\redhat.java-1.12.0-win32-x64\jre\17.0.4.1-win32-x86_64\bin\zip.dll
0x00007ffd81b70000 - 0x00007ffd8240c000 	C:\Windows\System32\SHELL32.dll
0x00007ffd80c60000 - 0x00007ffd80d9f000 	C:\Windows\System32\wintypes.dll
0x00007ffd7e8a0000 - 0x00007ffd7f1ba000 	C:\Windows\SYSTEM32\windows.storage.dll
0x00007ffd831c0000 - 0x00007ffd832c4000 	C:\Windows\System32\SHCORE.dll
0x00007ffd82ee0000 - 0x00007ffd82f49000 	C:\Windows\System32\shlwapi.dll
0x00007ffd808d0000 - 0x00007ffd808f5000 	C:\Windows\SYSTEM32\profapi.dll
0x00007ffd37150000 - 0x00007ffd37169000 	C:\Users\rahul\.antigravity\extensions\redhat.java-1.12.0-win32-x64\jre\17.0.4.1-win32-x86_64\bin\net.dll
0x00007ffd76130000 - 0x00007ffd7625c000 	C:\Windows\SYSTEM32\WINHTTP.dll
0x00007ffd7fe60000 - 0x00007ffd7fec9000 	C:\Windows\system32\mswsock.dll
0x00007ffd36ed0000 - 0x00007ffd36ee5000 	C:\Users\rahul\.antigravity\extensions\redhat.java-1.12.0-win32-x64\jre\17.0.4.1-win32-x86_64\bin\nio.dll
0x00007ffd5cc10000 - 0x00007ffd5cc20000 	c:\Users\rahul\.antigravity\extensions\redhat.java-1.12.0-win32-x64\jre\17.0.4.1-win32-x86_64\bin\verify.dll
0x00007ffd23b60000 - 0x00007ffd23b9e000 	C:\Users\rahul\AppData\Roaming\Antigravity\User\globalStorage\redhat.java\1.12.0\config_ss_win\org.eclipse.equinox.launcher\org.eclipse.equinox.launcher.win32.win32.x86_64_1.2.600.v20220720-1916\eclipse_11700.dll
0x00007ffd83010000 - 0x00007ffd831b1000 	C:\Windows\System32\ole32.dll

dbghelp: loaded successfully - version: 4.0.5 - missing functions: none
symbol engine: initialized successfully - sym options: 0x614 - pdb path: .;c:\Users\rahul\.antigravity\extensions\redhat.java-1.12.0-win32-x64\jre\17.0.4.1-win32-x86_64\bin;C:\Windows\SYSTEM32;C:\Windows\WinSxS\amd64_microsoft.windows.common-controls_6595b64144ccf1df_6.0.22621.6060_none_2712eda17382d24b;c:\Users\rahul\.antigravity\extensions\redhat.java-1.12.0-win32-x64\jre\17.0.4.1-win32-x86_64\bin\server;C:\Users\rahul\AppData\Roaming\Antigravity\User\globalStorage\redhat.java\1.12.0\config_ss_win\org.eclipse.equinox.launcher\org.eclipse.equinox.launcher.win32.win32.x86_64_1.2.600.v20220720-1916

VM Arguments:
jvm_args: --add-modules=ALL-SYSTEM --add-opens=java.base/java.util=ALL-UNNAMED --add-opens=java.base/java.lang=ALL-UNNAMED --add-opens=java.base/sun.nio.fs=ALL-UNNAMED -Declipse.application=org.eclipse.jdt.ls.core.id1 -Dosgi.bundles.defaultStartLevel=4 -Declipse.product=org.eclipse.jdt.ls.core.product -Djava.import.generatesMetadataFilesAtProjectRoot=false -Dfile.encoding=utf8 -XX:+UseParallelGC -XX:GCTimeRatio=4 -XX:AdaptiveSizePolicyWeight=90 -Dsun.zip.disableMemoryMapping=true -Xmx1G -Xms100m -Xlog:disable -javaagent:c:\Users\rahul\.antigravity\extensions\redhat.java-1.12.0-win32-x64\lombok\lombok-1.18.24.jar 
java_command: c:\Users\rahul\.antigravity\extensions\redhat.java-1.12.0-win32-x64\server\plugins\org.eclipse.equinox.launcher_1.6.400.v20210924-0641.jar -configuration c:\Users\rahul\AppData\Roaming\Antigravity\User\globalStorage\redhat.java\1.12.0\config_ss_win -data c:\Users\rahul\AppData\Roaming\Antigravity\User\workspaceStorage\4d694a979a408cab99c13f72015e6a83\redhat.java\ss_ws
java_class_path (initial): c:\Users\rahul\.antigravity\extensions\redhat.java-1.12.0-win32-x64\server\plugins\org.eclipse.equinox.launcher_1.6.400.v20210924-0641.jar
Launcher Type: SUN_STANDARD

[Global flags]
    uintx AdaptiveSizePolicyWeight                 = 90                                        {product} {command line}
     intx CICompilerCount                          = 3                                         {product} {ergonomic}
    uintx GCTimeRatio                              = 4                                         {product} {command line}
   size_t InitialHeapSize                          = 104857600                                 {product} {command line}
   size_t MaxHeapSize                              = 1073741824                                {product} {command line}
   size_t MaxNewSize                               = 357564416                                 {product} {ergonomic}
   size_t MinHeapDeltaBytes                        = 524288                                    {product} {ergonomic}
   size_t MinHeapSize                              = 104857600                                 {product} {command line}
   size_t NewSize                                  = 34603008                                  {product} {ergonomic}
    uintx NonNMethodCodeHeapSize                   = 5832780                                {pd product} {ergonomic}
    uintx NonProfiledCodeHeapSize                  = 122912730                              {pd product} {ergonomic}
   size_t OldSize                                  = 70254592                                  {product} {ergonomic}
    uintx ProfiledCodeHeapSize                     = 122912730                              {pd product} {ergonomic}
    uintx ReservedCodeCacheSize                    = 251658240                              {pd product} {ergonomic}
     bool SegmentedCodeCache                       = true                                      {product} {ergonomic}
   size_t SoftMaxHeapSize                          = 1073741824                             {manageable} {ergonomic}
     bool UseCompressedClassPointers               = true                           {product lp64_product} {ergonomic}
     bool UseCompressedOops                        = true                           {product lp64_product} {ergonomic}
     bool UseLargePagesIndividualAllocation        = false                                  {pd product} {ergonomic}
     bool UseParallelGC                            = true                                      {product} {command line}

Logging:
Log output configuration:
 #0: stdout all=off uptime,level,tags
 #1: stderr all=off uptime,level,tags

Environment Variables:
PATH=C:\Program Files\Common Files\Oracle\Java\javapath;C:\Windows\system32;C:\Windows;C:\Windows\System32\Wbem;C:\Windows\System32\WindowsPowerShell\v1.0\;C:\Windows\System32\OpenSSH\;C:\MinGW\bin;C:\Program Files\Java\jdk-17;C:\Program Files\Git\cmd;C:\Program Files\Git\mingw64\bin;C:\Program Files\Git\usr\bin;C:\Program Files\nodejs\;C:\Program Files\nodejs;C:\Program Files\MySQL\MySQL Server 8.0\bin;C:\Program Files\MySQL\MySQL Server 8.0\bin;C:\Program Files\MySQL\MySQL Server 8.0\bin;C:\Users\rahul\Downloads\SetUp\sleuthkit-4.14.0-win32\sleuthkit-4.14.0-win32\bin;C:\Users\rahul\Downloads\Setup\apache-maven-3.9.12-bin\apache-maven-3.9.12\bin;C:\Program Files\MySQL\MySQL Shell 8.0\bin\;C:\Users\rahul\AppData\Local\Programs\Python\Python313\Scripts\;C:\Users\rahul\AppData\Local\Programs\Python\Python313\;C:\Users\rahul\AppData\Local\Microsoft\WindowsApps;C:\MinGW\bin;C:\Program Files\Java\jdk-17;C:\Users\rahul\AppData\Local\GitHubDesktop\bin;C:\Users\rahul\AppData\Local\Microsoft\WinGet\Packages\Schniz.fnm_Microsoft.Winget.Source_8wekyb3d8bbwe;C:\Users\rahul\AppData\Roaming\npm;C:\Program Files\nodejs;C:\FlutterDev\sdk\flutter\bin;D:\Antigravity\bin;D:\IntelliJ IDEA Community Edition 2025.2.6.1\bin;C:\Users\rahul\AppData\Local\Programs\Microsoft VS Code\bin
USERNAME=rahul
OS=Windows_NT
PROCESSOR_IDENTIFIER=Intel64 Family 6 Model 78 Stepping 3, GenuineIntel
TMP=C:\Users\rahul\AppData\Local\Temp
TEMP=C:\Users\rahul\AppData\Local\Temp



---------------  S Y S T E M  ---------------

OS:
 Windows 11 , 64 bit Build 22621 (10.0.22621.5415)
OS uptime: 0 days 6:43 hours

CPU: total 4 (initial active 4) (2 cores per cpu, 2 threads per core) family 6 model 78 stepping 3 microcode 0xea, cx8, cmov, fxsr, ht, mmx, 3dnowpref, sse, sse2, sse3, ssse3, sse4.1, sse4.2, popcnt, lzcnt, tsc, tscinvbit, avx, avx2, aes, erms, clmul, bmi1, bmi2, rtm, adx, fma, vzeroupper, clflush, clflushopt

Memory: 4k page, system-wide physical 8072M (339M free)
TotalPageFile size 12982M (AvailPageFile size 1M)
current process WorkingSet (physical memory assigned to process): 120M, peak: 120M
current process commit charge ("private bytes"): 215M, peak: 216M

vm_info: OpenJDK 64-Bit Server VM (17.0.4.1+1) for windows-amd64 JRE (17.0.4.1+1), built on Aug 17 2022 07:42:43 by "temurin" with MS VC++ 16.7 (VS2019)

END.
