#
# There is insufficient memory for the Java Runtime Environment to continue.
# Native memory allocation (malloc) failed to allocate 32784 bytes for Chunk::new
# Possible reasons:
#   The system is out of physical RAM or swap space
#   The process is running with CompressedOops enabled, and the Java Heap may be blocking the growth of the native heap
# Possible solutions:
#   Reduce memory load on the system
#   Increase physical memory or swap space
#   Check if swap backing store is full
#   Decrease Java heap size (-Xmx/-Xms)
#   Decrease number of Java threads
#   Decrease Java thread stack sizes (-Xss)
#   Set larger code cache with -XX:ReservedCodeCacheSize=
#   JVM is running with Unscaled Compressed Oops mode in which the Java heap is
#     placed in the first 4GB address space. The Java Heap base address is the
#     maximum limit for the native heap growth. Please use -XX:HeapBaseMinAddress
#     to set the Java Heap base and to place the Java Heap above 4GB virtual address.
# This output file may be truncated or incomplete.
#
#  Out of Memory Error (arena.cpp:189), pid=18868, tid=4816
#
# JRE version: OpenJDK Runtime Environment Temurin-17.0.4.1+1 (17.0.4.1+1) (build 17.0.4.1+1)
# Java VM: OpenJDK 64-Bit Server VM Temurin-17.0.4.1+1 (17.0.4.1+1, mixed mode, tiered, compressed oops, compressed class ptrs, parallel gc, windows-amd64)
# No core dump will be written. Minidumps are not enabled by default on client versions of Windows
#

---------------  S U M M A R Y ------------

Command Line: --add-modules=ALL-SYSTEM --add-opens=java.base/java.util=ALL-UNNAMED --add-opens=java.base/java.lang=ALL-UNNAMED --add-opens=java.base/sun.nio.fs=ALL-UNNAMED -Declipse.application=org.eclipse.jdt.ls.core.id1 -Dosgi.bundles.defaultStartLevel=4 -Declipse.product=org.eclipse.jdt.ls.core.product -Djava.import.generatesMetadataFilesAtProjectRoot=false -Dfile.encoding=utf8 -XX:+UseParallelGC -XX:GCTimeRatio=4 -XX:AdaptiveSizePolicyWeight=90 -Dsun.zip.disableMemoryMapping=true -Xmx1G -Xms100m -Xlog:disable -javaagent:c:\Users\rahul\.antigravity\extensions\redhat.java-1.12.0-win32-x64\lombok\lombok-1.18.24.jar c:\Users\rahul\.antigravity\extensions\redhat.java-1.12.0-win32-x64\server\plugins\org.eclipse.equinox.launcher_1.6.400.v20210924-0641.jar -configuration c:\Users\rahul\AppData\Roaming\Antigravity\User\globalStorage\redhat.java\1.12.0\config_ss_win -data c:\Users\rahul\AppData\Roaming\Antigravity\User\workspaceStorage\4d694a979a408cab99c13f72015e6a83\redhat.java\ss_ws

Host: Intel(R) Core(TM) i5-6300U CPU @ 2.40GHz, 4 cores, 7G,  Windows 11 , 64 bit Build 22621 (10.0.22621.5415)
Time: Wed Feb 18 23:13:11 2026 India Standard Time elapsed time: 6.476969 seconds (0d 0h 0m 6s)

---------------  T H R E A D  ---------------

Current thread (0x00000117a542b510):  JavaThread "C1 CompilerThread0" daemon [_thread_in_native, id=4816, stack(0x0000000162d00000,0x0000000162e00000)]


Current CompileTask:
C1:   6477 1988       3       java.net.URLStreamHandler::parseURL (1201 bytes)

Stack: [0x0000000162d00000,0x0000000162e00000]
Native frames: (J=compiled Java code, j=interpreted, Vv=VM code, C=native code)
V  [jvm.dll+0x67731a]
V  [jvm.dll+0x832284]
V  [jvm.dll+0x833a2e]
V  [jvm.dll+0x834093]
V  [jvm.dll+0x245775]
V  [jvm.dll+0xabd7b]
V  [jvm.dll+0xac30c]
V  [jvm.dll+0xb7b0d]
V  [jvm.dll+0x176bab]
V  [jvm.dll+0x17ec1f]
V  [jvm.dll+0x17eaa0]
V  [jvm.dll+0x17682f]
V  [jvm.dll+0x1758d6]
V  [jvm.dll+0x17f6cb]
V  [jvm.dll+0x176a08]
V  [jvm.dll+0x17a7ef]
V  [jvm.dll+0x134943]
V  [jvm.dll+0x13423f]
V  [jvm.dll+0x134476]
V  [jvm.dll+0x13390a]
V  [jvm.dll+0x1355d1]
V  [jvm.dll+0x227498]
V  [jvm.dll+0x2255e5]
V  [jvm.dll+0x7e7e9b]
V  [jvm.dll+0x7e240a]
V  [jvm.dll+0x6761a5]
C  [ucrtbase.dll+0x29333]
C  [KERNEL32.DLL+0x1259d]
C  [ntdll.dll+0x5af78]


---------------  P R O C E S S  ---------------

Threads class SMR info:
_java_thread_list=0x00000117a6a1bb20, length=18, elements={
0x000001178dca7600, 0x000001178dd6cf20, 0x000001178dd6e6c0, 0x00000117a3a33880,
0x00000117a3a343a0, 0x00000117a3a35120, 0x00000117a3a36d50, 0x00000117a3a37af0,
0x00000117a542b510, 0x00000117a542fa40, 0x000001178dd0ab50, 0x00000117a56b1190,
0x00000117a5be4990, 0x00000117a5fc4010, 0x00000117a69cf030, 0x00000117a5f18010,
0x00000117a69ce270, 0x00000117a69bfda0
}

Java Threads: ( => current thread )
  0x000001178dca7600 JavaThread "main" [_thread_blocked, id=1612, stack(0x0000000162300000,0x0000000162400000)]
  0x000001178dd6cf20 JavaThread "Reference Handler" daemon [_thread_blocked, id=19700, stack(0x0000000162600000,0x0000000162700000)]
  0x000001178dd6e6c0 JavaThread "Finalizer" daemon [_thread_blocked, id=16140, stack(0x0000000162700000,0x0000000162800000)]
  0x00000117a3a33880 JavaThread "Signal Dispatcher" daemon [_thread_blocked, id=21008, stack(0x0000000162800000,0x0000000162900000)]
  0x00000117a3a343a0 JavaThread "Attach Listener" daemon [_thread_blocked, id=2208, stack(0x0000000162900000,0x0000000162a00000)]
  0x00000117a3a35120 JavaThread "Service Thread" daemon [_thread_blocked, id=4936, stack(0x0000000162a00000,0x0000000162b00000)]
  0x00000117a3a36d50 JavaThread "Monitor Deflation Thread" daemon [_thread_blocked, id=20308, stack(0x0000000162b00000,0x0000000162c00000)]
  0x00000117a3a37af0 JavaThread "C2 CompilerThread0" daemon [_thread_in_native, id=5992, stack(0x0000000162c00000,0x0000000162d00000)]
=>0x00000117a542b510 JavaThread "C1 CompilerThread0" daemon [_thread_in_native, id=4816, stack(0x0000000162d00000,0x0000000162e00000)]
  0x00000117a542fa40 JavaThread "Sweeper thread" daemon [_thread_blocked, id=17100, stack(0x0000000162e00000,0x0000000162f00000)]
  0x000001178dd0ab50 JavaThread "Common-Cleaner" daemon [_thread_blocked, id=20300, stack(0x0000000162f00000,0x0000000163000000)]
  0x00000117a56b1190 JavaThread "Notification Thread" daemon [_thread_blocked, id=12952, stack(0x0000000163000000,0x0000000163100000)]
  0x00000117a5be4990 JavaThread "Active Thread: Equinox Container: 5ece83e5-1c86-4509-b8c7-4038dcdf785f" [_thread_blocked, id=6884, stack(0x0000000163500000,0x0000000163600000)]
  0x00000117a5fc4010 JavaThread "Framework Event Dispatcher: Equinox Container: 5ece83e5-1c86-4509-b8c7-4038dcdf785f" daemon [_thread_blocked, id=13436, stack(0x0000000163600000,0x0000000163700000)]
  0x00000117a69cf030 JavaThread "Start Level: Equinox Container: 5ece83e5-1c86-4509-b8c7-4038dcdf785f" daemon [_thread_in_vm, id=20496, stack(0x0000000163700000,0x0000000163800000)]
  0x00000117a5f18010 JavaThread "SCR Component Actor" daemon [_thread_blocked, id=1152, stack(0x0000000163800000,0x0000000163900000)]
  0x00000117a69ce270 JavaThread "SCR Component Registry" daemon [_thread_blocked, id=9872, stack(0x0000000163900000,0x0000000163a00000)]
  0x00000117a69bfda0 JavaThread "Worker-JM" [_thread_blocked, id=20396, stack(0x0000000163a00000,0x0000000163b00000)]

Other Threads:
  0x000001178dd680b0 VMThread "VM Thread" [stack: 0x0000000162500000,0x0000000162600000] [id=14440]
  0x00000117a56baca0 WatcherThread [stack: 0x0000000163100000,0x0000000163200000] [id=12556]
  0x000001178dcbd5c0 GCTaskThread "GC Thread#0" [stack: 0x0000000162400000,0x0000000162500000] [id=6356]
  0x00000117a5d28ca0 GCTaskThread "GC Thread#1" [stack: 0x0000000163200000,0x0000000163300000] [id=3712]
  0x00000117a5ac6840 GCTaskThread "GC Thread#2" [stack: 0x0000000163300000,0x0000000163400000] [id=5572]
  0x00000117a5b928f0 GCTaskThread "GC Thread#3" [stack: 0x0000000163400000,0x0000000163500000] [id=9012]

Threads with active compile tasks:
C2 CompilerThread0     6568 1994 %     4       java.util.Properties$LineReader::readLine @ 53 (584 bytes)
C1 CompilerThread0     6568 1988       3       java.net.URLStreamHandler::parseURL (1201 bytes)

VM state: not at safepoint (normal execution)

VM Mutex/Monitor currently owned by a thread: None

Heap address: 0x00000000c0000000, size: 1024 MB, Compressed Oops mode: 32-bit

CDS archive(s) not mapped
Compressed class space mapped at: 0x0000000100000000-0x0000000140000000, reserved size: 1073741824
Narrow klass base: 0x0000000000000000, Narrow klass shift: 3, Narrow klass range: 0x140000000

GC Precious Log:
 CPUs: 4 total, 4 available
 Memory: 8072M
 Large Page Support: Disabled
 NUMA Support: Disabled
 Compressed Oops: Enabled (32-bit)
 Alignments: Space 512K, Generation 512K, Heap 2M
 Heap Min Capacity: 100M
 Heap Initial Capacity: 100M
 Heap Max Capacity: 1G
 Pre-touch: Disabled
 Parallel Workers: 4

Heap:
 PSYoungGen      total 29696K, used 25220K [0x00000000eab00000, 0x00000000ecc00000, 0x0000000100000000)
  eden space 25600K, 82% used [0x00000000eab00000,0x00000000ebfa1c88,0x00000000ec400000)
  from space 4096K, 99% used [0x00000000ec800000,0x00000000ecbff718,0x00000000ecc00000)
  to   space 4096K, 0% used [0x00000000ec400000,0x00000000ec400000,0x00000000ec800000)
 ParOldGen       total 68608K, used 688K [0x00000000c0000000, 0x00000000c4300000, 0x00000000eab00000)
  object space 68608K, 1% used [0x00000000c0000000,0x00000000c00ac370,0x00000000c4300000)
 Metaspace       used 19317K, committed 19648K, reserved 1073152K
  class space    used 1971K, committed 2112K, reserved 1048576K

Card table byte_map: [0x00000117a1300000,0x00000117a1510000] _byte_map_base: 0x00000117a0d00000

Marking Bits: (ParMarkBitMap*) 0x00007ffcb9862cc0
 Begin Bits: [0x00000117a1670000, 0x00000117a2670000)
 End Bits:   [0x00000117a2670000, 0x00000117a3670000)

Polling page: 0x000001178dd70000

Metaspace:

Usage:
  Non-class:     16.94 MB used.
      Class:      1.93 MB used.
       Both:     18.86 MB used.

Virtual space:
  Non-class space:       24.00 MB reserved,      17.12 MB ( 71%) committed,  3 nodes.
      Class space:        1.00 GB reserved,       2.06 MB ( <1%) committed,  1 nodes.
             Both:        1.02 GB reserved,      19.19 MB (  2%) committed. 

Chunk freelists:
   Non-Class:  1.97 MB
       Class:  1.88 MB
        Both:  3.84 MB

MaxMetaspaceSize: unlimited
CompressedClassSpaceSize: 1.00 GB
Initial GC threshold: 21.00 MB
Current GC threshold: 21.00 MB
CDS: off
MetaspaceReclaimPolicy: balanced
 - commit_granule_bytes: 65536.
 - commit_granule_words: 8192.
 - virtual_space_node_default_size: 1048576.
 - enlarge_chunks_in_place: 1.
 - new_chunks_are_fully_committed: 0.
 - uncommit_free_chunks: 1.
 - use_allocation_guard: 0.
 - handle_deallocations: 1.


Internal statistics:

num_allocs_failed_limit: 0.
num_arena_births: 158.
num_arena_deaths: 0.
num_vsnodes_births: 4.
num_vsnodes_deaths: 0.
num_space_committed: 307.
num_space_uncommitted: 0.
num_chunks_returned_to_freelist: 0.
num_chunks_taken_from_freelist: 550.
num_chunk_merges: 0.
num_chunk_splits: 367.
num_chunks_enlarged: 272.
num_purges: 0.
num_inconsistent_stats: 0.

CodeHeap 'non-profiled nmethods': size=120000Kb used=705Kb max_used=705Kb free=119294Kb
 bounds [0x0000011799bf0000, 0x0000011799e60000, 0x00000117a1120000]
CodeHeap 'profiled nmethods': size=120000Kb used=3848Kb max_used=3848Kb free=116152Kb
 bounds [0x00000117926c0000, 0x0000011792a90000, 0x0000011799bf0000]
CodeHeap 'non-nmethods': size=5760Kb used=1178Kb max_used=1196Kb free=4581Kb
 bounds [0x0000011792120000, 0x0000011792390000, 0x00000117926c0000]
 total_blobs=2453 nmethods=1973 adapters=394
 compilation: enabled
              stopped_count=0, restarted_count=0
 full_count=0

Compilation events (20 events):
Event: 6.435 Thread 0x00000117a3a37af0 nmethod 1974 0x0000011799c9e510 code [0x0000011799c9e680, 0x0000011799c9e7b8]
Event: 6.435 Thread 0x00000117a3a37af0 1980       4       java.lang.invoke.MemberName::getReferenceKind (12 bytes)
Event: 6.436 Thread 0x00000117a3a37af0 nmethod 1980 0x0000011799c9e910 code [0x0000011799c9ea80, 0x0000011799c9eaf8]
Event: 6.436 Thread 0x00000117a3a37af0 1983       4       jdk.internal.org.objectweb.asm.Symbol::<init> (38 bytes)
Event: 6.437 Thread 0x00000117a542b510 nmethod 1976 0x0000011792a7bd10 code [0x0000011792a7c040, 0x0000011792a7d518]
Event: 6.437 Thread 0x00000117a542b510 1982       3       java.lang.invoke.InvokerBytecodeGenerator::loadInsnOpcode (98 bytes)
Event: 6.438 Thread 0x00000117a3a37af0 nmethod 1983 0x0000011799c9ec10 code [0x0000011799c9ed80, 0x0000011799c9ee38]
Event: 6.439 Thread 0x00000117a542b510 nmethod 1982 0x0000011792a7dc10 code [0x0000011792a7de80, 0x0000011792a7e858]
Event: 6.439 Thread 0x00000117a542b510 1984       3       java.lang.invoke.InvokerBytecodeGenerator::emitImplicitConversion (161 bytes)
Event: 6.441 Thread 0x00000117a542b510 nmethod 1984 0x0000011792a7eb90 code [0x0000011792a7eea0, 0x0000011792a7fd18]
Event: 6.441 Thread 0x00000117a542b510 1985       3       java.lang.invoke.InvokerBytecodeGenerator::emitLoadInsn (21 bytes)
Event: 6.441 Thread 0x00000117a542b510 nmethod 1985 0x0000011792a80210 code [0x0000011792a803c0, 0x0000011792a80618]
Event: 6.441 Thread 0x00000117a542b510 1986       3       java.lang.invoke.MethodType::basicType (8 bytes)
Event: 6.441 Thread 0x00000117a542b510 nmethod 1986 0x0000011792a80790 code [0x0000011792a80920, 0x0000011792a80a58]
Event: 6.441 Thread 0x00000117a542b510 1977       3       java.lang.invoke.LambdaForm$BasicType::basicType (187 bytes)
Event: 6.443 Thread 0x00000117a542b510 nmethod 1977 0x0000011792a80b10 code [0x0000011792a80da0, 0x0000011792a818c8]
Event: 6.448 Thread 0x00000117a542b510 1987       3       sun.net.www.protocol.file.Handler::parseURL (18 bytes)
Event: 6.448 Thread 0x00000117a3a37af0 1989       4       java.lang.StringLatin1::toLowerCase (186 bytes)
Event: 6.449 Thread 0x00000117a542b510 nmethod 1987 0x0000011792a81b90 code [0x0000011792a81d40, 0x0000011792a81ef8]
Event: 6.449 Thread 0x00000117a542b510 1988       3       java.net.URLStreamHandler::parseURL (1201 bytes)

GC Heap History (4 events):
Event: 3.323 GC heap before
{Heap before GC invocations=1 (full 0):
 PSYoungGen      total 29696K, used 25600K [0x00000000eab00000, 0x00000000ecc00000, 0x0000000100000000)
  eden space 25600K, 100% used [0x00000000eab00000,0x00000000ec400000,0x00000000ec400000)
  from space 4096K, 0% used [0x00000000ec800000,0x00000000ec800000,0x00000000ecc00000)
  to   space 4096K, 0% used [0x00000000ec400000,0x00000000ec400000,0x00000000ec800000)
 ParOldGen       total 68608K, used 0K [0x00000000c0000000, 0x00000000c4300000, 0x00000000eab00000)
  object space 68608K, 0% used [0x00000000c0000000,0x00000000c0000000,0x00000000c4300000)
 Metaspace       used 10846K, committed 11008K, reserved 1064960K
  class space    used 1089K, committed 1152K, reserved 1048576K
}
Event: 3.345 GC heap after
{Heap after GC invocations=1 (full 0):
 PSYoungGen      total 29696K, used 3240K [0x00000000eab00000, 0x00000000ecc00000, 0x0000000100000000)
  eden space 25600K, 0% used [0x00000000eab00000,0x00000000eab00000,0x00000000ec400000)
  from space 4096K, 79% used [0x00000000ec400000,0x00000000ec72a208,0x00000000ec800000)
  to   space 4096K, 0% used [0x00000000ec800000,0x00000000ec800000,0x00000000ecc00000)
 ParOldGen       total 68608K, used 16K [0x00000000c0000000, 0x00000000c4300000, 0x00000000eab00000)
  object space 68608K, 0% used [0x00000000c0000000,0x00000000c0004000,0x00000000c4300000)
 Metaspace       used 10846K, committed 11008K, reserved 1064960K
  class space    used 1089K, committed 1152K, reserved 1048576K
}
Event: 4.996 GC heap before
{Heap before GC invocations=2 (full 0):
 PSYoungGen      total 29696K, used 28840K [0x00000000eab00000, 0x00000000ecc00000, 0x0000000100000000)
  eden space 25600K, 100% used [0x00000000eab00000,0x00000000ec400000,0x00000000ec400000)
  from space 4096K, 79% used [0x00000000ec400000,0x00000000ec72a208,0x00000000ec800000)
  to   space 4096K, 0% used [0x00000000ec800000,0x00000000ec800000,0x00000000ecc00000)
 ParOldGen       total 68608K, used 16K [0x00000000c0000000, 0x00000000c4300000, 0x00000000eab00000)
  object space 68608K, 0% used [0x00000000c0000000,0x00000000c0004000,0x00000000c4300000)
 Metaspace       used 15113K, committed 15360K, reserved 1064960K
  class space    used 1547K, committed 1664K, reserved 1048576K
}
Event: 5.008 GC heap after
{Heap after GC invocations=2 (full 0):
 PSYoungGen      total 29696K, used 4093K [0x00000000eab00000, 0x00000000ecc00000, 0x0000000100000000)
  eden space 25600K, 0% used [0x00000000eab00000,0x00000000eab00000,0x00000000ec400000)
  from space 4096K, 99% used [0x00000000ec800000,0x00000000ecbff718,0x00000000ecc00000)
  to   space 4096K, 0% used [0x00000000ec400000,0x00000000ec400000,0x00000000ec800000)
 ParOldGen       total 68608K, used 688K [0x00000000c0000000, 0x00000000c4300000, 0x00000000eab00000)
  object space 68608K, 1% used [0x00000000c0000000,0x00000000c00ac370,0x00000000c4300000)
 Metaspace       used 15113K, committed 15360K, reserved 1064960K
  class space    used 1547K, committed 1664K, reserved 1048576K
}

Deoptimization events (20 events):
Event: 5.734 Thread 0x00000117a69cf030 Uncommon trap: trap_request=0xffffffc6 fr.pc=0x0000011799c86f64 relative=0x0000000000000cc4
Event: 5.734 Thread 0x00000117a69cf030 Uncommon trap: reason=bimorphic_or_optimized_type_check action=maybe_recompile pc=0x0000011799c86f64 method=java.io.DataInputStream.readInt()I @ 20 c2
Event: 5.734 Thread 0x00000117a69cf030 DEOPT PACKING pc=0x0000011799c86f64 sp=0x00000001637f87c0
Event: 5.734 Thread 0x00000117a69cf030 DEOPT UNPACKING pc=0x00000117921720a3 sp=0x00000001637f8770 mode 2
Event: 5.759 Thread 0x00000117a69cf030 Uncommon trap: trap_request=0xffffff45 fr.pc=0x0000011799c38cf4 relative=0x0000000000000074
Event: 5.759 Thread 0x00000117a69cf030 Uncommon trap: reason=unstable_if action=reinterpret pc=0x0000011799c38cf4 method=jdk.internal.misc.Unsafe.convEndian(ZJ)J @ 4 c2
Event: 5.759 Thread 0x00000117a69cf030 DEOPT PACKING pc=0x0000011799c38cf4 sp=0x00000001637f75a0
Event: 5.759 Thread 0x00000117a69cf030 DEOPT UNPACKING pc=0x00000117921720a3 sp=0x00000001637f74c8 mode 2
Event: 5.882 Thread 0x00000117a69cf030 Uncommon trap: trap_request=0xffffff45 fr.pc=0x0000011799c08aa4 relative=0x0000000000000384
Event: 5.882 Thread 0x00000117a69cf030 Uncommon trap: reason=unstable_if action=reinterpret pc=0x0000011799c08aa4 method=java.lang.StringLatin1.canEncode(I)Z @ 4 c2
Event: 5.882 Thread 0x00000117a69cf030 DEOPT PACKING pc=0x0000011799c08aa4 sp=0x00000001637f8b60
Event: 5.882 Thread 0x00000117a69cf030 DEOPT UNPACKING pc=0x00000117921720a3 sp=0x00000001637f8a88 mode 2
Event: 5.882 Thread 0x00000117a69cf030 Uncommon trap: trap_request=0xffffff45 fr.pc=0x0000011799c07280 relative=0x0000000000000360
Event: 5.882 Thread 0x00000117a69cf030 Uncommon trap: reason=unstable_if action=reinterpret pc=0x0000011799c07280 method=java.lang.AbstractStringBuilder.isLatin1()Z @ 10 c2
Event: 5.882 Thread 0x00000117a69cf030 DEOPT PACKING pc=0x0000011799c07280 sp=0x00000001637f8b80
Event: 5.883 Thread 0x00000117a69cf030 DEOPT UNPACKING pc=0x00000117921720a3 sp=0x00000001637f8b00 mode 2
Event: 5.901 Thread 0x00000117a69cf030 Uncommon trap: trap_request=0xffffff45 fr.pc=0x0000011799c165c8 relative=0x0000000000000048
Event: 5.901 Thread 0x00000117a69cf030 Uncommon trap: reason=unstable_if action=reinterpret pc=0x0000011799c165c8 method=java.lang.CharacterData.of(I)Ljava/lang/CharacterData; @ 4 c2
Event: 5.901 Thread 0x00000117a69cf030 DEOPT PACKING pc=0x0000011799c165c8 sp=0x00000001637f8330
Event: 5.901 Thread 0x00000117a69cf030 DEOPT UNPACKING pc=0x00000117921720a3 sp=0x00000001637f82c8 mode 2

Classes unloaded (0 events):
No events

Classes redefined (0 events):
No events

Internal exceptions (20 events):
Event: 3.194 Thread 0x000001178dca7600 Exception <a 'java/lang/NoSuchMethodError'{0x00000000ec279d68}: 'void java.lang.invoke.DirectMethodHandle$Holder.invokeStaticInit(java.lang.Object, java.lang.Object)'> (0x00000000ec279d68) 
thrown [s\src\hotspot\share\interpreter\linkResolver.cpp, line 759]
Event: 3.196 Thread 0x000001178dca7600 Exception <a 'java/lang/NoSuchMethodError'{0x00000000ec2813d8}: 'int java.lang.invoke.DirectMethodHandle$Holder.invokeStaticInit(java.lang.Object, java.lang.Object)'> (0x00000000ec2813d8) 
thrown [s\src\hotspot\share\interpreter\linkResolver.cpp, line 759]
Event: 3.289 Thread 0x000001178dca7600 Exception <a 'java/lang/NoSuchMethodError'{0x00000000ec3a86c0}: 'void java.lang.invoke.DirectMethodHandle$Holder.invokeSpecial(java.lang.Object, java.lang.Object, java.lang.Object)'> (0x00000000ec3a86c0) 
thrown [s\src\hotspot\share\interpreter\linkResolver.cpp, line 759]
Event: 4.028 Thread 0x000001178dca7600 Exception <a 'java/lang/NoSuchMethodError'{0x00000000eb683d60}: 'java.lang.Object java.lang.invoke.DirectMethodHandle$Holder.newInvokeSpecial(java.lang.Object, int, java.lang.Object)'> (0x00000000eb683d60) 
thrown [s\src\hotspot\share\interpreter\linkResolver.cpp, line 759]
Event: 4.519 Thread 0x000001178dca7600 Exception <a 'java/lang/UnsatisfiedLinkError'{0x00000000ebbb6318}: 'void org.eclipse.equinox.launcher.JNIBridge._update_splash()'> (0x00000000ebbb6318) 
thrown [s\src\hotspot\share\prims\nativeLookup.cpp, line 543]
Event: 4.661 Thread 0x00000117a69cf030 Exception <a 'java/lang/NoSuchMethodError'{0x00000000ebe88168}: 'java.lang.Object java.lang.invoke.DirectMethodHandle$Holder.invokeStaticInit(java.lang.Object)'> (0x00000000ebe88168) 
thrown [s\src\hotspot\share\interpreter\linkResolver.cpp, line 759]
Event: 5.394 Thread 0x00000117a69cf030 Exception <a 'java/io/FileNotFoundException'{0x00000000eb1667d8}> (0x00000000eb1667d8) 
thrown [s\src\hotspot\share\prims\jni.cpp, line 516]
Event: 5.431 Thread 0x00000117a69cf030 Exception <a 'java/lang/NullPointerException'{0x00000000eb1b7e80}> (0x00000000eb1b7e80) 
thrown [s\src\hotspot\share\interpreter\linkResolver.cpp, line 1350]
Event: 5.431 Thread 0x00000117a69cf030 Exception <a 'java/lang/NullPointerException'{0x00000000eb1b86a8}> (0x00000000eb1b86a8) 
thrown [s\src\hotspot\share\interpreter\linkResolver.cpp, line 1350]
Event: 6.066 Thread 0x00000117a69cf030 Exception <a 'java/lang/NoSuchMethodError'{0x00000000eb91c2d0}: 'void java.lang.invoke.DirectMethodHandle$Holder.invokeInterface(java.lang.Object, java.lang.Object, java.lang.Object)'> (0x00000000eb91c2d0) 
thrown [s\src\hotspot\share\interpreter\linkResolver.cpp, line 759]
Event: 6.338 Thread 0x00000117a69cf030 Exception <a 'java/lang/NoSuchMethodError'{0x00000000ebc3f2e8}: 'java.lang.Object java.lang.invoke.Invokers$Holder.invokeExact_MT(java.lang.Object, java.lang.Object, java.lang.Object, java.lang.Object, java.lang.Object, java.lang.Object)'> (0x00000000ebc3f2e8) 
thrown [s\src\hotspot\share\interpreter\linkResolver.cpp, line 759]
Event: 6.416 Thread 0x00000117a69cf030 Exception <a 'java/lang/NoSuchMethodError'{0x00000000ebd216d0}: 'java.lang.Object java.lang.invoke.DirectMethodHandle$Holder.invokeStatic(java.lang.Object, java.lang.Object, int)'> (0x00000000ebd216d0) 
thrown [s\src\hotspot\share\interpreter\linkResolver.cpp, line 759]
Event: 6.418 Thread 0x00000117a69cf030 Exception <a 'java/lang/NoSuchMethodError'{0x00000000ebd26280}: 'void java.lang.invoke.DirectMethodHandle$Holder.invokeStatic(java.lang.Object, java.lang.Object, int, java.lang.Object)'> (0x00000000ebd26280) 
thrown [s\src\hotspot\share\interpreter\linkResolver.cpp, line 759]
Event: 6.421 Thread 0x00000117a69cf030 Exception <a 'java/lang/NoSuchMethodError'{0x00000000ebd2d9b0}: 'void java.lang.invoke.DelegatingMethodHandle$Holder.delegate(java.lang.Object, java.lang.Object, int, java.lang.Object)'> (0x00000000ebd2d9b0) 
thrown [s\src\hotspot\share\interpreter\linkResolver.cpp, line 759]
Event: 6.427 Thread 0x00000117a69cf030 Exception <a 'java/lang/NoSuchMethodError'{0x00000000ebd31d98}: 'int java.lang.invoke.DirectMethodHandle$Holder.invokeSpecial(java.lang.Object, java.lang.Object, java.lang.Object)'> (0x00000000ebd31d98) 
thrown [s\src\hotspot\share\interpreter\linkResolver.cpp, line 759]
Event: 6.430 Thread 0x00000117a69cf030 Exception <a 'java/lang/NoSuchMethodError'{0x00000000ebd42388}: 'int java.lang.invoke.DirectMethodHandle$Holder.invokeStatic(java.lang.Object, java.lang.Object, int)'> (0x00000000ebd42388) 
thrown [s\src\hotspot\share\interpreter\linkResolver.cpp, line 759]
Event: 6.430 Thread 0x00000117a69cf030 Exception <a 'java/lang/NoSuchMethodError'{0x00000000ebd463b0}: 'int java.lang.invoke.DirectMethodHandle$Holder.invokeSpecial(java.lang.Object, java.lang.Object, java.lang.Object, int)'> (0x00000000ebd463b0) 
thrown [s\src\hotspot\share\interpreter\linkResolver.cpp, line 759]
Event: 6.434 Thread 0x00000117a69cf030 Exception <a 'java/lang/NoSuchMethodError'{0x00000000ebd61090}: 'java.lang.Object java.lang.invoke.DirectMethodHandle$Holder.invokeStatic(java.lang.Object, java.lang.Object, java.lang.Object, java.lang.Object, int)'> (0x00000000ebd61090) 
thrown [s\src\hotspot\share\interpreter\linkResolver.cpp, line 759]
Event: 6.436 Thread 0x00000117a69cf030 Exception <a 'java/lang/NoSuchMethodError'{0x00000000ebd6d430}: 'java.lang.Object java.lang.invoke.DelegatingMethodHandle$Holder.reinvoke_L(java.lang.Object, java.lang.Object, java.lang.Object, java.lang.Object, int, int)'> (0x00000000ebd6d430) 
thrown [s\src\hotspot\share\interpreter\linkResolver.cpp, line 759]
Event: 6.441 Thread 0x00000117a69cf030 Exception <a 'java/lang/NoSuchMethodError'{0x00000000ebd856c0}: 'java.lang.Object java.lang.invoke.Invokers$Holder.invokeExact_MT(java.lang.Object, java.lang.Object, java.lang.Object, java.lang.Object)'> (0x00000000ebd856c0) 
thrown [s\src\hotspot\share\interpreter\linkResolver.cpp, line 759]

VM Operations (20 events):
Event: 3.976 Executing VM operation: HandshakeAllThreads
Event: 3.976 Executing VM operation: HandshakeAllThreads done
Event: 4.014 Executing VM operation: HandshakeAllThreads
Event: 4.014 Executing VM operation: HandshakeAllThreads done
Event: 4.709 Executing VM operation: HandshakeAllThreads
Event: 4.710 Executing VM operation: HandshakeAllThreads done
Event: 4.710 Executing VM operation: Cleanup
Event: 4.710 Executing VM operation: Cleanup done
Event: 4.996 Executing VM operation: ParallelGCFailedAllocation
Event: 5.008 Executing VM operation: ParallelGCFailedAllocation done
Event: 5.735 Executing VM operation: HandshakeAllThreads
Event: 5.735 Executing VM operation: HandshakeAllThreads done
Event: 5.906 Executing VM operation: HandshakeAllThreads
Event: 5.906 Executing VM operation: HandshakeAllThreads done
Event: 5.917 Executing VM operation: HandshakeAllThreads
Event: 5.917 Executing VM operation: HandshakeAllThreads done
Event: 6.416 Executing VM operation: HandshakeAllThreads
Event: 6.416 Executing VM operation: HandshakeAllThreads done
Event: 6.416 Executing VM operation: Cleanup
Event: 6.416 Executing VM operation: Cleanup done

Events (20 events):
Event: 6.413 loading class java/lang/invoke/MethodHandleImpl$LoopClauses
Event: 6.413 loading class java/lang/invoke/MethodHandleImpl$LoopClauses done
Event: 6.413 loading class java/lang/invoke/MethodHandleImpl$ArrayAccess
Event: 6.414 loading class java/lang/invoke/MethodHandleImpl$ArrayAccess done
Event: 6.414 loading class java/lang/invoke/MethodHandleImpl$2
Event: 6.414 loading class java/lang/invoke/MethodHandleImpl$2 done
Event: 6.414 loading class java/lang/invoke/MethodHandleImpl$ArrayAccessor
Event: 6.415 loading class java/lang/invoke/MethodHandleImpl$ArrayAccessor done
Event: 6.415 loading class java/lang/invoke/MethodHandleImpl$ArrayAccessor$1
Event: 6.415 loading class java/lang/invoke/MethodHandleImpl$ArrayAccessor$1 done
Event: 6.415 loading class java/lang/ClassValue$ClassValueMap
Event: 6.415 loading class java/lang/ClassValue$ClassValueMap done
Event: 6.429 loading class sun/invoke/util/ValueConversions$WrapperCache
Event: 6.429 loading class sun/invoke/util/ValueConversions$WrapperCache done
Event: 6.429 loading class sun/invoke/util/ValueConversions$1
Event: 6.429 loading class sun/invoke/util/ValueConversions$1 done
Event: 6.431 loading class java/lang/invoke/BoundMethodHandle$Species_LI
Event: 6.431 loading class java/lang/invoke/BoundMethodHandle$Species_LI done
Event: 6.431 loading class java/lang/invoke/ClassSpecializer$Factory$1Var
Event: 6.432 loading class java/lang/invoke/ClassSpecializer$Factory$1Var done


Dynamic libraries:
0x00007ff79ac40000 - 0x00007ff79ac4e000 	c:\Users\rahul\.antigravity\extensions\redhat.java-1.12.0-win32-x64\jre\17.0.4.1-win32-x86_64\bin\java.exe
0x00007ffd83890000 - 0x00007ffd83aa8000 	C:\Windows\SYSTEM32\ntdll.dll
0x00007ffd81730000 - 0x00007ffd817f4000 	C:\Windows\System32\KERNEL32.DLL
0x00007ffd80ef0000 - 0x00007ffd812c3000 	C:\Windows\System32\KERNELBASE.dll
0x00007ffd80ac0000 - 0x00007ffd80bd1000 	C:\Windows\System32\ucrtbase.dll
0x00007ffd442d0000 - 0x00007ffd442e8000 	c:\Users\rahul\.antigravity\extensions\redhat.java-1.12.0-win32-x64\jre\17.0.4.1-win32-x86_64\bin\jli.dll
0x00007ffd832d0000 - 0x00007ffd83482000 	C:\Windows\System32\USER32.dll
0x00007ffd812d0000 - 0x00007ffd812f6000 	C:\Windows\System32\win32u.dll
0x00007ffd82410000 - 0x00007ffd82439000 	C:\Windows\System32\GDI32.dll
0x00007ffd809a0000 - 0x00007ffd80abb000 	C:\Windows\System32\gdi32full.dll
0x00007ffd80da0000 - 0x00007ffd80e3a000 	C:\Windows\System32\msvcp_win.dll
0x00007ffd38100000 - 0x00007ffd38119000 	c:\Users\rahul\.antigravity\extensions\redhat.java-1.12.0-win32-x64\jre\17.0.4.1-win32-x86_64\bin\VCRUNTIME140.dll
0x00007ffd696e0000 - 0x00007ffd6997c000 	C:\Windows\WinSxS\amd64_microsoft.windows.common-controls_6595b64144ccf1df_6.0.22621.6060_none_2712eda17382d24b\COMCTL32.dll
0x00007ffd82610000 - 0x00007ffd826b7000 	C:\Windows\System32\msvcrt.dll
0x00007ffd81870000 - 0x00007ffd818a1000 	C:\Windows\System32\IMM32.DLL
0x00007ffd68b60000 - 0x00007ffd68b6c000 	c:\Users\rahul\.antigravity\extensions\redhat.java-1.12.0-win32-x64\jre\17.0.4.1-win32-x86_64\bin\vcruntime140_1.dll
0x00007ffd22570000 - 0x00007ffd22601000 	c:\Users\rahul\.antigravity\extensions\redhat.java-1.12.0-win32-x64\jre\17.0.4.1-win32-x86_64\bin\msvcp140.dll
0x00007ffcb8ce0000 - 0x00007ffcb9926000 	c:\Users\rahul\.antigravity\extensions\redhat.java-1.12.0-win32-x64\jre\17.0.4.1-win32-x86_64\bin\server\jvm.dll
0x00007ffd819c0000 - 0x00007ffd81a71000 	C:\Windows\System32\ADVAPI32.dll
0x00007ffd82f50000 - 0x00007ffd82ff8000 	C:\Windows\System32\sechost.dll
0x00007ffd80ec0000 - 0x00007ffd80ee8000 	C:\Windows\System32\bcrypt.dll
0x00007ffd835c0000 - 0x00007ffd836d8000 	C:\Windows\System32\RPCRT4.dll
0x00007ffd83000000 - 0x00007ffd83008000 	C:\Windows\System32\PSAPI.DLL
0x00007ffd64cd0000 - 0x00007ffd64cd9000 	C:\Windows\SYSTEM32\WSOCK32.dll
0x00007ffd837d0000 - 0x00007ffd83841000 	C:\Windows\System32\WS2_32.dll
0x00007ffd76370000 - 0x00007ffd763a4000 	C:\Windows\SYSTEM32\WINMM.dll
0x00007ffd74290000 - 0x00007ffd7429a000 	C:\Windows\SYSTEM32\VERSION.dll
0x00007ffd7f980000 - 0x00007ffd7f998000 	C:\Windows\SYSTEM32\kernel.appcore.dll
0x00007ffd66cd0000 - 0x00007ffd66cda000 	c:\Users\rahul\.antigravity\extensions\redhat.java-1.12.0-win32-x64\jre\17.0.4.1-win32-x86_64\bin\jimage.dll
0x00007ffd7b360000 - 0x00007ffd7b593000 	C:\Windows\SYSTEM32\DBGHELP.DLL
0x00007ffd826c0000 - 0x00007ffd82a51000 	C:\Windows\System32\combase.dll
0x00007ffd81a80000 - 0x00007ffd81b58000 	C:\Windows\System32\OLEAUT32.dll
0x00007ffd62f30000 - 0x00007ffd62f62000 	C:\Windows\SYSTEM32\dbgcore.DLL
0x00007ffd80e40000 - 0x00007ffd80ebb000 	C:\Windows\System32\bcryptPrimitives.dll
0x00007ffd600a0000 - 0x00007ffd600ae000 	c:\Users\rahul\.antigravity\extensions\redhat.java-1.12.0-win32-x64\jre\17.0.4.1-win32-x86_64\bin\instrument.dll
0x00007ffd37160000 - 0x00007ffd37185000 	c:\Users\rahul\.antigravity\extensions\redhat.java-1.12.0-win32-x64\jre\17.0.4.1-win32-x86_64\bin\java.dll
0x00007ffd36f70000 - 0x00007ffd36f88000 	c:\Users\rahul\.antigravity\extensions\redhat.java-1.12.0-win32-x64\jre\17.0.4.1-win32-x86_64\bin\zip.dll
0x00007ffd81b70000 - 0x00007ffd8240c000 	C:\Windows\System32\SHELL32.dll
0x00007ffd80c60000 - 0x00007ffd80d9f000 	C:\Windows\System32\wintypes.dll
0x00007ffd7e8a0000 - 0x00007ffd7f1ba000 	C:\Windows\SYSTEM32\windows.storage.dll
0x00007ffd831c0000 - 0x00007ffd832c4000 	C:\Windows\System32\SHCORE.dll
0x00007ffd82ee0000 - 0x00007ffd82f49000 	C:\Windows\System32\shlwapi.dll
0x00007ffd808d0000 - 0x00007ffd808f5000 	C:\Windows\SYSTEM32\profapi.dll
0x00007ffd36ed0000 - 0x00007ffd36ee9000 	C:\Users\rahul\.antigravity\extensions\redhat.java-1.12.0-win32-x64\jre\17.0.4.1-win32-x86_64\bin\net.dll
0x00007ffd76130000 - 0x00007ffd7625c000 	C:\Windows\SYSTEM32\WINHTTP.dll
0x00007ffd7fe60000 - 0x00007ffd7fec9000 	C:\Windows\system32\mswsock.dll
0x00007ffd36560000 - 0x00007ffd36575000 	C:\Users\rahul\.antigravity\extensions\redhat.java-1.12.0-win32-x64\jre\17.0.4.1-win32-x86_64\bin\nio.dll
0x00007ffd5cc10000 - 0x00007ffd5cc20000 	c:\Users\rahul\.antigravity\extensions\redhat.java-1.12.0-win32-x64\jre\17.0.4.1-win32-x86_64\bin\verify.dll
0x00007ffd23b60000 - 0x00007ffd23b9e000 	C:\Users\rahul\AppData\Roaming\Antigravity\User\globalStorage\redhat.java\1.12.0\config_ss_win\org.eclipse.equinox.launcher\org.eclipse.equinox.launcher.win32.win32.x86_64_1.2.600.v20220720-1916\eclipse_11700.dll
0x00007ffd83010000 - 0x00007ffd831b1000 	C:\Windows\System32\ole32.dll

dbghelp: loaded successfully - version: 4.0.5 - missing functions: none
symbol engine: initialized successfully - sym options: 0x614 - pdb path: .;c:\Users\rahul\.antigravity\extensions\redhat.java-1.12.0-win32-x64\jre\17.0.4.1-win32-x86_64\bin;C:\Windows\SYSTEM32;C:\Windows\WinSxS\amd64_microsoft.windows.common-controls_6595b64144ccf1df_6.0.22621.6060_none_2712eda17382d24b;c:\Users\rahul\.antigravity\extensions\redhat.java-1.12.0-win32-x64\jre\17.0.4.1-win32-x86_64\bin\server;C:\Users\rahul\AppData\Roaming\Antigravity\User\globalStorage\redhat.java\1.12.0\config_ss_win\org.eclipse.equinox.launcher\org.eclipse.equinox.launcher.win32.win32.x86_64_1.2.600.v20220720-1916

VM Arguments:
jvm_args: --add-modules=ALL-SYSTEM --add-opens=java.base/java.util=ALL-UNNAMED --add-opens=java.base/java.lang=ALL-UNNAMED --add-opens=java.base/sun.nio.fs=ALL-UNNAMED -Declipse.application=org.eclipse.jdt.ls.core.id1 -Dosgi.bundles.defaultStartLevel=4 -Declipse.product=org.eclipse.jdt.ls.core.product -Djava.import.generatesMetadataFilesAtProjectRoot=false -Dfile.encoding=utf8 -XX:+UseParallelGC -XX:GCTimeRatio=4 -XX:AdaptiveSizePolicyWeight=90 -Dsun.zip.disableMemoryMapping=true -Xmx1G -Xms100m -Xlog:disable -javaagent:c:\Users\rahul\.antigravity\extensions\redhat.java-1.12.0-win32-x64\lombok\lombok-1.18.24.jar 
java_command: c:\Users\rahul\.antigravity\extensions\redhat.java-1.12.0-win32-x64\server\plugins\org.eclipse.equinox.launcher_1.6.400.v20210924-0641.jar -configuration c:\Users\rahul\AppData\Roaming\Antigravity\User\globalStorage\redhat.java\1.12.0\config_ss_win -data c:\Users\rahul\AppData\Roaming\Antigravity\User\workspaceStorage\4d694a979a408cab99c13f72015e6a83\redhat.java\ss_ws
java_class_path (initial): c:\Users\rahul\.antigravity\extensions\redhat.java-1.12.0-win32-x64\server\plugins\org.eclipse.equinox.launcher_1.6.400.v20210924-0641.jar
Launcher Type: SUN_STANDARD

[Global flags]
    uintx AdaptiveSizePolicyWeight                 = 90                                        {product} {command line}
     intx CICompilerCount                          = 3                                         {product} {ergonomic}
    uintx GCTimeRatio                              = 4                                         {product} {command line}
   size_t InitialHeapSize                          = 104857600                                 {product} {command line}
   size_t MaxHeapSize                              = 1073741824                                {product} {command line}
   size_t MaxNewSize                               = 357564416                                 {product} {ergonomic}
   size_t MinHeapDeltaBytes                        = 524288                                    {product} {ergonomic}
   size_t MinHeapSize                              = 104857600                                 {product} {command line}
   size_t NewSize                                  = 34603008                                  {product} {ergonomic}
    uintx NonNMethodCodeHeapSize                   = 5832780                                {pd product} {ergonomic}
    uintx NonProfiledCodeHeapSize                  = 122912730                              {pd product} {ergonomic}
   size_t OldSize                                  = 70254592                                  {product} {ergonomic}
    uintx ProfiledCodeHeapSize                     = 122912730                              {pd product} {ergonomic}
    uintx ReservedCodeCacheSize                    = 251658240                              {pd product} {ergonomic}
     bool SegmentedCodeCache                       = true                                      {product} {ergonomic}
   size_t SoftMaxHeapSize                          = 1073741824                             {manageable} {ergonomic}
     bool UseCompressedClassPointers               = true                           {product lp64_product} {ergonomic}
     bool UseCompressedOops                        = true                           {product lp64_product} {ergonomic}
     bool UseLargePagesIndividualAllocation        = false                                  {pd product} {ergonomic}
     bool UseParallelGC                            = true                                      {product} {command line}

Logging:
Log output configuration:
 #0: stdout all=off uptime,level,tags
 #1: stderr all=off uptime,level,tags

Environment Variables:
PATH=C:\Program Files\Common Files\Oracle\Java\javapath;C:\Windows\system32;C:\Windows;C:\Windows\System32\Wbem;C:\Windows\System32\WindowsPowerShell\v1.0\;C:\Windows\System32\OpenSSH\;C:\MinGW\bin;C:\Program Files\Java\jdk-17;C:\Program Files\Git\cmd;C:\Program Files\Git\mingw64\bin;C:\Program Files\Git\usr\bin;C:\Program Files\nodejs\;C:\Program Files\nodejs;C:\Program Files\MySQL\MySQL Server 8.0\bin;C:\Program Files\MySQL\MySQL Server 8.0\bin;C:\Program Files\MySQL\MySQL Server 8.0\bin;C:\Users\rahul\Downloads\SetUp\sleuthkit-4.14.0-win32\sleuthkit-4.14.0-win32\bin;C:\Users\rahul\Downloads\Setup\apache-maven-3.9.12-bin\apache-maven-3.9.12\bin;C:\Program Files\MySQL\MySQL Shell 8.0\bin\;C:\Users\rahul\AppData\Local\Programs\Python\Python313\Scripts\;C:\Users\rahul\AppData\Local\Programs\Python\Python313\;C:\Users\rahul\AppData\Local\Microsoft\WindowsApps;C:\MinGW\bin;C:\Program Files\Java\jdk-17;C:\Users\rahul\AppData\Local\GitHubDesktop\bin;C:\Users\rahul\AppData\Local\Microsoft\WinGet\Packages\Schniz.fnm_Microsoft.Winget.Source_8wekyb3d8bbwe;C:\Users\rahul\AppData\Roaming\npm;C:\Program Files\nodejs;C:\FlutterDev\sdk\flutter\bin;D:\Antigravity\bin;D:\IntelliJ IDEA Community Edition 2025.2.6.1\bin;C:\Users\rahul\AppData\Local\Programs\Microsoft VS Code\bin
USERNAME=rahul
OS=Windows_NT
PROCESSOR_IDENTIFIER=Intel64 Family 6 Model 78 Stepping 3, GenuineIntel
TMP=C:\Users\rahul\AppData\Local\Temp
TEMP=C:\Users\rahul\AppData\Local\Temp



---------------  S Y S T E M  ---------------

OS:
 Windows 11 , 64 bit Build 22621 (10.0.22621.5415)
OS uptime: 0 days 6:43 hours

CPU: total 4 (initial active 4) (2 cores per cpu, 2 threads per core) family 6 model 78 stepping 3 microcode 0xea, cx8, cmov, fxsr, ht, mmx, 3dnowpref, sse, sse2, sse3, ssse3, sse4.1, sse4.2, popcnt, lzcnt, tsc, tscinvbit, avx, avx2, aes, erms, clmul, bmi1, bmi2, rtm, adx, fma, vzeroupper, clflush, clflushopt

Memory: 4k page, system-wide physical 8072M (269M free)
TotalPageFile size 12982M (AvailPageFile size 10M)
current process WorkingSet (physical memory assigned to process): 97M, peak: 97M
current process commit charge ("private bytes"): 199M, peak: 199M

vm_info: OpenJDK 64-Bit Server VM (17.0.4.1+1) for windows-amd64 JRE (17.0.4.1+1), built on Aug 17 2022 07:42:43 by "temurin" with MS VC++ 16.7 (VS2019)

END.
